Using pre-set license
Built from '2021.3/staging' branch; Version is '2021.3.13f1 (9e7d58001ecf) revision 10386776'; Using compiler version '192829333'; Build Type 'Release'
OS: 'Windows 11  (10.0.22000) 64bit Core' Language: 'zh' Physical Memory: 15789 MB
BatchMode: 1, IsHumanControllingUs: 0, StartBugReporterOnCrash: 0, Is64bit: 1, IsPro: 1

COMMAND LINE ARGUMENTS:
C:\Program Files\Unity 2021.3.13f1\Editor\Unity.exe
-adb2
-batchMode
-noUpm
-name
AssetImportWorker1
-projectPath
C:/Users/sandy/Desktop/2Dgame
-logFile
Logs/AssetImportWorker1.log
-srvPort
52787
Successfully changed project path to: C:/Users/sandy/Desktop/2Dgame
C:/Users/sandy/Desktop/2Dgame
[UnityMemory] Configuration Parameters - Can be set up in boot.config
    "memorysetup-bucket-allocator-granularity=16"
    "memorysetup-bucket-allocator-bucket-count=8"
    "memorysetup-bucket-allocator-block-size=33554432"
    "memorysetup-bucket-allocator-block-count=8"
    "memorysetup-main-allocator-block-size=16777216"
    "memorysetup-thread-allocator-block-size=16777216"
    "memorysetup-gfx-main-allocator-block-size=16777216"
    "memorysetup-gfx-thread-allocator-block-size=16777216"
    "memorysetup-cache-allocator-block-size=4194304"
    "memorysetup-typetree-allocator-block-size=2097152"
    "memorysetup-profiler-bucket-allocator-granularity=16"
    "memorysetup-profiler-bucket-allocator-bucket-count=8"
    "memorysetup-profiler-bucket-allocator-block-size=33554432"
    "memorysetup-profiler-bucket-allocator-block-count=8"
    "memorysetup-profiler-allocator-block-size=16777216"
    "memorysetup-profiler-editor-allocator-block-size=1048576"
    "memorysetup-temp-allocator-size-main=16777216"
    "memorysetup-job-temp-allocator-block-size=2097152"
    "memorysetup-job-temp-allocator-block-size-background=1048576"
    "memorysetup-job-temp-allocator-reduction-small-platforms=262144"
    "memorysetup-temp-allocator-size-background-worker=32768"
    "memorysetup-temp-allocator-size-job-worker=262144"
    "memorysetup-temp-allocator-size-preload-manager=33554432"
    "memorysetup-temp-allocator-size-nav-mesh-worker=65536"
    "memorysetup-temp-allocator-size-audio-worker=65536"
    "memorysetup-temp-allocator-size-cloud-worker=32768"
    "memorysetup-temp-allocator-size-gi-baking-worker=262144"
    "memorysetup-temp-allocator-size-gfx=262144"
Refreshing native plugins compatible for Editor in 99.12 ms, found 4 plugins.
Preloading 0 native plugins for Editor in 0.00 ms.
Initialize engine version: 2021.3.13f1 (9e7d58001ecf)
[Subsystems] Discovering subsystems at path C:/Program Files/Unity 2021.3.13f1/Editor/Data/Resources/UnitySubsystems
[Subsystems] Discovering subsystems at path C:/Users/sandy/Desktop/2Dgame/Assets
GfxDevice: creating device client; threaded=0; jobified=0
Direct3D:
    Version:  Direct3D 11.0 [level 11.1]
    Renderer: NVIDIA GeForce GTX 1660 Ti (ID=0x2191)
    Vendor:   NVIDIA
    VRAM:     5991 MB
    Driver:   30.0.15.1278
Initialize mono
Mono path[0] = 'C:/Program Files/Unity 2021.3.13f1/Editor/Data/Managed'
Mono path[1] = 'C:/Program Files/Unity 2021.3.13f1/Editor/Data/MonoBleedingEdge/lib/mono/unityjit-win32'
Mono config path = 'C:/Program Files/Unity 2021.3.13f1/Editor/Data/MonoBleedingEdge/etc'
Using monoOptions --debugger-agent=transport=dt_socket,embedding=1,server=y,suspend=n,address=127.0.0.1:56420
Begin MonoManager ReloadAssembly
Registering precompiled unity dll's ...
Register platform support module: C:/Program Files/Unity 2021.3.13f1/Editor/Data/PlaybackEngines/WindowsStandaloneSupport/UnityEditor.WindowsStandalone.Extensions.dll
Registered in 0.005115 seconds.
Native extension for WindowsStandalone target not found
Refreshing native plugins compatible for Editor in 93.81 ms, found 4 plugins.
Preloading 0 native plugins for Editor in 0.00 ms.
Mono: successfully reloaded assembly
- Completed reload, in  0.695 seconds
Domain Reload Profiling:
	ReloadAssembly (696ms)
		BeginReloadAssembly (85ms)
			ExecutionOrderSort (0ms)
			DisableScriptedObjects (0ms)
			BackupInstance (0ms)
			ReleaseScriptingObjects (0ms)
			CreateAndSetChildDomain (1ms)
		EndReloadAssembly (486ms)
			LoadAssemblies (83ms)
			RebuildTransferFunctionScriptingTraits (0ms)
			SetupTypeCache (109ms)
			ReleaseScriptCaches (0ms)
			RebuildScriptCaches (35ms)
			SetupLoadedEditorAssemblies (287ms)
				LogAssemblyErrors (0ms)
				InitializePlatformSupportModulesInManaged (9ms)
				SetLoadedEditorAssemblies (0ms)
				RefreshPlugins (94ms)
				BeforeProcessingInitializeOnLoad (1ms)
				ProcessInitializeOnLoadAttributes (133ms)
				ProcessInitializeOnLoadMethodAttributes (49ms)
				AfterProcessingInitializeOnLoad (0ms)
				EditorAssembliesLoaded (0ms)
			ExecutionOrderSort2 (0ms)
			AwakeInstancesAfterBackupRestoration (0ms)
Platform modules already initialized, skipping
Registering precompiled user dll's ...
Registered in 0.011486 seconds.
Begin MonoManager ReloadAssembly
Symbol file LoadedFromMemory doesn't match image C:\Users\sandy\Desktop\2Dgame\Library\PackageCache\com.unity.visualscripting@1.7.8\Editor\VisualScripting.Core\Dependencies\YamlDotNet\Unity.VisualScripting.YamlDotNet.dll
Symbol file LoadedFromMemory doesn't match image C:\Users\sandy\Desktop\2Dgame\Library\PackageCache\com.unity.visualscripting@1.7.8\Editor\VisualScripting.Core\Dependencies\DotNetZip\Unity.VisualScripting.IonicZip.dll
Native extension for WindowsStandalone target not found
Refreshing native plugins compatible for Editor in 100.14 ms, found 4 plugins.
Preloading 0 native plugins for Editor in 0.00 ms.
Mono: successfully reloaded assembly
- Completed reload, in  1.317 seconds
Domain Reload Profiling:
	ReloadAssembly (1318ms)
		BeginReloadAssembly (129ms)
			ExecutionOrderSort (0ms)
			DisableScriptedObjects (6ms)
			BackupInstance (0ms)
			ReleaseScriptingObjects (0ms)
			CreateAndSetChildDomain (26ms)
		EndReloadAssembly (1068ms)
			LoadAssemblies (116ms)
			RebuildTransferFunctionScriptingTraits (0ms)
			SetupTypeCache (255ms)
			ReleaseScriptCaches (1ms)
			RebuildScriptCaches (68ms)
			SetupLoadedEditorAssemblies (586ms)
				LogAssemblyErrors (0ms)
				InitializePlatformSupportModulesInManaged (5ms)
				SetLoadedEditorAssemblies (0ms)
				RefreshPlugins (100ms)
				BeforeProcessingInitializeOnLoad (112ms)
				ProcessInitializeOnLoadAttributes (298ms)
				ProcessInitializeOnLoadMethodAttributes (61ms)
				AfterProcessingInitializeOnLoad (9ms)
				EditorAssembliesLoaded (0ms)
			ExecutionOrderSort2 (0ms)
			AwakeInstancesAfterBackupRestoration (6ms)
Platform modules already initialized, skipping
========================================================================
Worker process is ready to serve import requests
Launched and connected shader compiler UnityShaderCompiler.exe after 0.06 seconds
Refreshing native plugins compatible for Editor in 1.21 ms, found 4 plugins.
Preloading 0 native plugins for Editor in 0.00 ms.
Unloading 4097 Unused Serialized files (Serialized files now loaded: 0)
Unloading 38 unused Assets / (56.2 KB). Loaded Objects now: 4559.
Memory consumption went from 154.8 MB to 154.8 MB.
Total: 4.768700 ms (FindLiveObjects: 0.391300 ms CreateObjectMapping: 0.131700 ms MarkObjects: 4.102100 ms  DeleteObjects: 0.142000 ms)

AssetImportParameters requested are different than current active one (requested -> active):
  custom:video-decoder-ogg-theora: a1e56fd34408186e4bbccfd4996cb3dc -> 
  custom:container-muxer-webm: aa71ff27fc2769a1b78a27578f13a17b -> 
  custom:container-demuxer-webm: 4f35f7cbe854078d1ac9338744f61a02 -> 
  custom:video-encoder-webm-vp8: eb34c28f22e8b96e1ab97ce403110664 -> 
  custom:video-codec-MediaFoundation-h265: 746d11721c4dcdbdad8f713fa42b33f4 -> 
  custom:audio-encoder-webm-vorbis: bf7c407c2cedff20999df2af8eb42d56 -> 
  custom:framework-win-MediaFoundation: 216162199b28c13a410421893ffa2e32 -> 
  custom:container-demuxer-ogg: 62fdf1f143b41e24485cea50d1cbac27 -> 
  custom:video-decoder-webm-vp8: 9c59270c3fd7afecdb556c50c9e8de78 -> 
  custom:audio-decoder-ogg-vorbis: bf7c407c2cedff20999df2af8eb42d56 -> 
========================================================================
Received Import Request.
  Time since last request: 44022.543098 seconds.
  path: Assets/Scenes
  artifactKey: Guid(131a6b21c8605f84396be9f6751fb6e3) Importer(815301076,1909f56bfc062723c751e8b465ee728b)
Start importing Assets/Scenes using Guid(131a6b21c8605f84396be9f6751fb6e3) Importer(815301076,1909f56bfc062723c751e8b465ee728b)  -> (artifact id: '2c23e514d24f6b65fe96946cd87fc526') in 0.009451 seconds 
========================================================================
Received Import Request.
  Time since last request: 70.242123 seconds.
  path: Assets/Image/forest.png
  artifactKey: Guid(0c2e1f2902aa3b34abd3edf91ff59a9f) Importer(815301076,1909f56bfc062723c751e8b465ee728b)
Start importing Assets/Image/forest.png using Guid(0c2e1f2902aa3b34abd3edf91ff59a9f) Importer(815301076,1909f56bfc062723c751e8b465ee728b)  -> (artifact id: 'd00207c1a3255eadf58943bf67a54839') in 0.149895 seconds 
========================================================================
Received Import Request.
  Time since last request: 65.461518 seconds.
  path: Assets/SunnyLand Artwork/Environment/Tileset/tileset-sliced_56.asset
  artifactKey: Guid(94aa16297ba86b84d90dd5ebd3ce384f) Importer(815301076,1909f56bfc062723c751e8b465ee728b)
Start importing Assets/SunnyLand Artwork/Environment/Tileset/tileset-sliced_56.asset using Guid(94aa16297ba86b84d90dd5ebd3ce384f) Importer(815301076,1909f56bfc062723c751e8b465ee728b)  -> (artifact id: '8d841d0ec4472b2aa80dd9607f441a64') in 0.030385 seconds 
========================================================================
Received Import Request.
  Time since last request: 0.000079 seconds.
  path: Assets/SunnyLand Artwork/Environment/Tileset/tileset-sliced_60.asset
  artifactKey: Guid(5c8b9551abdb8ca489078ff9de589364) Importer(815301076,1909f56bfc062723c751e8b465ee728b)
Start importing Assets/SunnyLand Artwork/Environment/Tileset/tileset-sliced_60.asset using Guid(5c8b9551abdb8ca489078ff9de589364) Importer(815301076,1909f56bfc062723c751e8b465ee728b)  -> (artifact id: '69a18b19907ed3981a0ae6d8fcd4c4b0') in 0.009917 seconds 
========================================================================
Received Import Request.
  Time since last request: 0.000027 seconds.
  path: Assets/SunnyLand Artwork/Environment/Tileset/tileset-sliced_66.asset
  artifactKey: Guid(0e47bc3f4f4fa6842bcc126de133fd67) Importer(815301076,1909f56bfc062723c751e8b465ee728b)
Start importing Assets/SunnyLand Artwork/Environment/Tileset/tileset-sliced_66.asset using Guid(0e47bc3f4f4fa6842bcc126de133fd67) Importer(815301076,1909f56bfc062723c751e8b465ee728b)  -> (artifact id: '43a7fe17c98118a33c801b5f4b2cadc2') in 0.009273 seconds 
========================================================================
Received Import Request.
  Time since last request: 0.029351 seconds.
  path: Assets/SunnyLand Artwork/Environment/Tileset/tileset-sliced_76.asset
  artifactKey: Guid(b7a237a064cdb1745bccdc2a214306d1) Importer(815301076,1909f56bfc062723c751e8b465ee728b)
Start importing Assets/SunnyLand Artwork/Environment/Tileset/tileset-sliced_76.asset using Guid(b7a237a064cdb1745bccdc2a214306d1) Importer(815301076,1909f56bfc062723c751e8b465ee728b)  -> (artifact id: 'e333bf3c300f5ae8694b38910f448dc3') in 0.009389 seconds 
========================================================================
Received Import Request.
  Time since last request: 0.470556 seconds.
  path: Assets/SunnyLand Artwork/Environment/Tileset/tileset-sliced_79.asset
  artifactKey: Guid(f842f5272625778499f47758a1ba3122) Importer(815301076,1909f56bfc062723c751e8b465ee728b)
Start importing Assets/SunnyLand Artwork/Environment/Tileset/tileset-sliced_79.asset using Guid(f842f5272625778499f47758a1ba3122) Importer(815301076,1909f56bfc062723c751e8b465ee728b)  -> (artifact id: '40a1117628b6db6b60493de67abe7fed') in 0.009262 seconds 
========================================================================
Received Import Request.
  Time since last request: 0.000041 seconds.
  path: Assets/SunnyLand Artwork/Environment/Tileset/tileset-sliced_85.asset
  artifactKey: Guid(6b1d8c50cc16b93438a5adc569a81b76) Importer(815301076,1909f56bfc062723c751e8b465ee728b)
Start importing Assets/SunnyLand Artwork/Environment/Tileset/tileset-sliced_85.asset using Guid(6b1d8c50cc16b93438a5adc569a81b76) Importer(815301076,1909f56bfc062723c751e8b465ee728b)  -> (artifact id: '67d06d1687f28221267a76d3526d3b83') in 0.009631 seconds 
========================================================================
Received Import Request.
  Time since last request: 0.000071 seconds.
  path: Assets/SunnyLand Artwork/Environment/Tileset/tileset-sliced_87.asset
  artifactKey: Guid(4859dbb994e2e7a48a617ec057901e6d) Importer(815301076,1909f56bfc062723c751e8b465ee728b)
Start importing Assets/SunnyLand Artwork/Environment/Tileset/tileset-sliced_87.asset using Guid(4859dbb994e2e7a48a617ec057901e6d) Importer(815301076,1909f56bfc062723c751e8b465ee728b)  -> (artifact id: '79870a64ba4066de97e243674951be56') in 0.010127 seconds 
========================================================================
Received Import Request.
  Time since last request: 0.000043 seconds.
  path: Assets/SunnyLand Artwork/Environment/Tileset/tileset-sliced_88.asset
  artifactKey: Guid(7197e56390a633d4ca0dab4b43f1b762) Importer(815301076,1909f56bfc062723c751e8b465ee728b)
Start importing Assets/SunnyLand Artwork/Environment/Tileset/tileset-sliced_88.asset using Guid(7197e56390a633d4ca0dab4b43f1b762) Importer(815301076,1909f56bfc062723c751e8b465ee728b)  -> (artifact id: '0e0961d8fe4ffac39621a88b557c7863') in 0.010198 seconds 
========================================================================
Received Import Request.
  Time since last request: 15.426132 seconds.
  path: Assets/SunnyLand House Props Expansion Pack/Props PNG/rock-2.png
  artifactKey: Guid(10aed0bb942816e4aa62c522dee1b4f9) Importer(815301076,1909f56bfc062723c751e8b465ee728b)
Start importing Assets/SunnyLand House Props Expansion Pack/Props PNG/rock-2.png using Guid(10aed0bb942816e4aa62c522dee1b4f9) Importer(815301076,1909f56bfc062723c751e8b465ee728b)  -> (artifact id: '987cb1f6d7ca51a101499d6d2bf7ddaa') in 0.017087 seconds 
========================================================================
Received Import Request.
  Time since last request: 0.000036 seconds.
  path: Assets/SunnyLand House Props Expansion Pack/Props PNG/straw-house.png
  artifactKey: Guid(21e65559107eeb14590b601e0e668ee5) Importer(815301076,1909f56bfc062723c751e8b465ee728b)
Start importing Assets/SunnyLand House Props Expansion Pack/Props PNG/straw-house.png using Guid(21e65559107eeb14590b601e0e668ee5) Importer(815301076,1909f56bfc062723c751e8b465ee728b)  -> (artifact id: '8a6a206f8850bca9cd888858c3c8331a') in 0.018029 seconds 
========================================================================
Received Import Request.
  Time since last request: 0.000058 seconds.
  path: Assets/SunnyLand House Props Expansion Pack/Props PNG/wooden-house.png
  artifactKey: Guid(021907f227a049e40b4234e459451efd) Importer(815301076,1909f56bfc062723c751e8b465ee728b)
Start importing Assets/SunnyLand House Props Expansion Pack/Props PNG/wooden-house.png using Guid(021907f227a049e40b4234e459451efd) Importer(815301076,1909f56bfc062723c751e8b465ee728b)  -> (artifact id: '0db57c4492da6c2a84cd6a2afd3d5cd5') in 0.021507 seconds 
========================================================================
Received Import Request.
  Time since last request: 87.196664 seconds.
  path: Assets/tilemap/tree.asset
  artifactKey: Guid(fb2046714a9d5a7489d64ad90b458342) Importer(815301076,1909f56bfc062723c751e8b465ee728b)
Start importing Assets/tilemap/tree.asset using Guid(fb2046714a9d5a7489d64ad90b458342) Importer(815301076,1909f56bfc062723c751e8b465ee728b)  -> (artifact id: 'cd318513d396b6ae6a8e7c71d65dcc52') in 0.012346 seconds 
========================================================================
Received Import Request.
  Time since last request: 0.000034 seconds.
  path: Assets/tilemap/wooden-house.asset
  artifactKey: Guid(7307933f75b97d64cb6d5a67a247a360) Importer(815301076,1909f56bfc062723c751e8b465ee728b)
Start importing Assets/tilemap/wooden-house.asset using Guid(7307933f75b97d64cb6d5a67a247a360) Importer(815301076,1909f56bfc062723c751e8b465ee728b)  -> (artifact id: 'de8118e7e8623f4a69a0e58e4d6dafb0') in 0.011964 seconds 
