Using pre-set license
Built from '2021.3/staging' branch; Version is '2021.3.13f1 (9e7d58001ecf) revision 10386776'; Using compiler version '192829333'; Build Type 'Release'
OS: 'Windows 10  (10.0.19044) 64bit Professional' Language: 'zh' Physical Memory: 8126 MB
BatchMode: 1, IsHumanControllingUs: 0, StartBugReporterOnCrash: 0, Is64bit: 1, IsPro: 1

COMMAND LINE ARGUMENTS:
C:\Program Files\Unity\Hub\Editor\2021.3.13f1\Editor\Unity.exe
-adb2
-batchMode
-noUpm
-name
AssetImportWorker4
-projectPath
C:/Users/user/unity-workspace/2Dgame
-logFile
Logs/AssetImportWorker4.log
-srvPort
65329
Successfully changed project path to: C:/Users/user/unity-workspace/2Dgame
C:/Users/user/unity-workspace/2Dgame
[UnityMemory] Configuration Parameters - Can be set up in boot.config
    "memorysetup-bucket-allocator-granularity=16"
    "memorysetup-bucket-allocator-bucket-count=8"
    "memorysetup-bucket-allocator-block-size=33554432"
    "memorysetup-bucket-allocator-block-count=8"
    "memorysetup-main-allocator-block-size=16777216"
    "memorysetup-thread-allocator-block-size=16777216"
    "memorysetup-gfx-main-allocator-block-size=16777216"
    "memorysetup-gfx-thread-allocator-block-size=16777216"
    "memorysetup-cache-allocator-block-size=4194304"
    "memorysetup-typetree-allocator-block-size=2097152"
    "memorysetup-profiler-bucket-allocator-granularity=16"
    "memorysetup-profiler-bucket-allocator-bucket-count=8"
    "memorysetup-profiler-bucket-allocator-block-size=33554432"
    "memorysetup-profiler-bucket-allocator-block-count=8"
    "memorysetup-profiler-allocator-block-size=16777216"
    "memorysetup-profiler-editor-allocator-block-size=1048576"
    "memorysetup-temp-allocator-size-main=16777216"
    "memorysetup-job-temp-allocator-block-size=2097152"
    "memorysetup-job-temp-allocator-block-size-background=1048576"
    "memorysetup-job-temp-allocator-reduction-small-platforms=262144"
    "memorysetup-temp-allocator-size-background-worker=32768"
    "memorysetup-temp-allocator-size-job-worker=262144"
    "memorysetup-temp-allocator-size-preload-manager=33554432"
    "memorysetup-temp-allocator-size-nav-mesh-worker=65536"
    "memorysetup-temp-allocator-size-audio-worker=65536"
    "memorysetup-temp-allocator-size-cloud-worker=32768"
    "memorysetup-temp-allocator-size-gi-baking-worker=262144"
    "memorysetup-temp-allocator-size-gfx=262144"
Refreshing native plugins compatible for Editor in 564.42 ms, found 4 plugins.
Preloading 0 native plugins for Editor in 0.00 ms.
Initialize engine version: 2021.3.13f1 (9e7d58001ecf)
[Subsystems] Discovering subsystems at path C:/Program Files/Unity/Hub/Editor/2021.3.13f1/Editor/Data/Resources/UnitySubsystems
[Subsystems] Discovering subsystems at path C:/Users/user/unity-workspace/2Dgame/Assets
GfxDevice: creating device client; threaded=0; jobified=0
Direct3D:
    Version:  Direct3D 11.0 [level 10.1]
    Renderer: Intel(R) HD Graphics 3000 (ID=0x116)
    Vendor:   Intel
    VRAM:     128 MB
    Driver:   9.17.10.4459
Initialize mono
Mono path[0] = 'C:/Program Files/Unity/Hub/Editor/2021.3.13f1/Editor/Data/Managed'
Mono path[1] = 'C:/Program Files/Unity/Hub/Editor/2021.3.13f1/Editor/Data/MonoBleedingEdge/lib/mono/unityjit-win32'
Mono config path = 'C:/Program Files/Unity/Hub/Editor/2021.3.13f1/Editor/Data/MonoBleedingEdge/etc'
Using monoOptions --debugger-agent=transport=dt_socket,embedding=1,server=y,suspend=n,address=127.0.0.1:56100
Begin MonoManager ReloadAssembly
Registering precompiled unity dll's ...
Register platform support module: C:/Program Files/Unity/Hub/Editor/2021.3.13f1/Editor/Data/PlaybackEngines/WebGLSupport/UnityEditor.WebGL.Extensions.dll
Register platform support module: C:/Program Files/Unity/Hub/Editor/2021.3.13f1/Editor/Data/PlaybackEngines/WindowsStandaloneSupport/UnityEditor.WindowsStandalone.Extensions.dll
Registered in 0.025344 seconds.
Native extension for WindowsStandalone target not found
Native extension for WebGL target not found
Refreshing native plugins compatible for Editor in 210.19 ms, found 4 plugins.
Preloading 0 native plugins for Editor in 0.00 ms.
Mono: successfully reloaded assembly
- Completed reload, in  1.763 seconds
Domain Reload Profiling:
	ReloadAssembly (1764ms)
		BeginReloadAssembly (327ms)
			ExecutionOrderSort (0ms)
			DisableScriptedObjects (0ms)
			BackupInstance (0ms)
			ReleaseScriptingObjects (0ms)
			CreateAndSetChildDomain (1ms)
		EndReloadAssembly (1175ms)
			LoadAssemblies (324ms)
			RebuildTransferFunctionScriptingTraits (0ms)
			SetupTypeCache (265ms)
			ReleaseScriptCaches (0ms)
			RebuildScriptCaches (78ms)
			SetupLoadedEditorAssemblies (704ms)
				LogAssemblyErrors (0ms)
				InitializePlatformSupportModulesInManaged (33ms)
				SetLoadedEditorAssemblies (1ms)
				RefreshPlugins (210ms)
				BeforeProcessingInitializeOnLoad (2ms)
				ProcessInitializeOnLoadAttributes (337ms)
				ProcessInitializeOnLoadMethodAttributes (120ms)
				AfterProcessingInitializeOnLoad (0ms)
				EditorAssembliesLoaded (0ms)
			ExecutionOrderSort2 (0ms)
			AwakeInstancesAfterBackupRestoration (0ms)
Platform modules already initialized, skipping
Registering precompiled user dll's ...
Registered in 0.042552 seconds.
Begin MonoManager ReloadAssembly
Symbol file LoadedFromMemory doesn't match image C:\Users\user\unity-workspace\2Dgame\Library\PackageCache\com.unity.visualscripting@1.7.8\Editor\VisualScripting.Core\Dependencies\YamlDotNet\Unity.VisualScripting.YamlDotNet.dll
Symbol file LoadedFromMemory doesn't match image C:\Users\user\unity-workspace\2Dgame\Library\PackageCache\com.unity.visualscripting@1.7.8\Editor\VisualScripting.Core\Dependencies\DotNetZip\Unity.VisualScripting.IonicZip.dll
Native extension for WindowsStandalone target not found
Native extension for WebGL target not found
Refreshing native plugins compatible for Editor in 210.24 ms, found 4 plugins.
Preloading 0 native plugins for Editor in 0.00 ms.
Mono: successfully reloaded assembly
- Completed reload, in  3.354 seconds
Domain Reload Profiling:
	ReloadAssembly (3356ms)
		BeginReloadAssembly (316ms)
			ExecutionOrderSort (0ms)
			DisableScriptedObjects (19ms)
			BackupInstance (0ms)
			ReleaseScriptingObjects (0ms)
			CreateAndSetChildDomain (49ms)
		EndReloadAssembly (2722ms)
			LoadAssemblies (403ms)
			RebuildTransferFunctionScriptingTraits (0ms)
			SetupTypeCache (831ms)
			ReleaseScriptCaches (1ms)
			RebuildScriptCaches (141ms)
			SetupLoadedEditorAssemblies (1252ms)
				LogAssemblyErrors (0ms)
				InitializePlatformSupportModulesInManaged (16ms)
				SetLoadedEditorAssemblies (1ms)
				RefreshPlugins (210ms)
				BeforeProcessingInitializeOnLoad (255ms)
				ProcessInitializeOnLoadAttributes (621ms)
				ProcessInitializeOnLoadMethodAttributes (125ms)
				AfterProcessingInitializeOnLoad (25ms)
				EditorAssembliesLoaded (0ms)
			ExecutionOrderSort2 (0ms)
			AwakeInstancesAfterBackupRestoration (15ms)
Platform modules already initialized, skipping
========================================================================
Worker process is ready to serve import requests
Launched and connected shader compiler UnityShaderCompiler.exe after 0.21 seconds
Refreshing native plugins compatible for Editor in 1.79 ms, found 4 plugins.
Preloading 0 native plugins for Editor in 0.00 ms.
Unloading 4089 Unused Serialized files (Serialized files now loaded: 0)
Unloading 38 unused Assets / (56.1 KB). Loaded Objects now: 4546.
Memory consumption went from 158.3 MB to 158.3 MB.
Total: 10.025700 ms (FindLiveObjects: 1.098900 ms CreateObjectMapping: 0.623200 ms MarkObjects: 8.132700 ms  DeleteObjects: 0.168700 ms)

AssetImportParameters requested are different than current active one (requested -> active):
  custom:video-decoder-ogg-theora: a1e56fd34408186e4bbccfd4996cb3dc -> 
  custom:container-muxer-webm: aa71ff27fc2769a1b78a27578f13a17b -> 
  custom:container-demuxer-webm: 4f35f7cbe854078d1ac9338744f61a02 -> 
  custom:video-encoder-webm-vp8: eb34c28f22e8b96e1ab97ce403110664 -> 
  custom:audio-encoder-webm-vorbis: bf7c407c2cedff20999df2af8eb42d56 -> 
  custom:framework-win-MediaFoundation: 216162199b28c13a410421893ffa2e32 -> 
  custom:container-demuxer-ogg: 62fdf1f143b41e24485cea50d1cbac27 -> 
  custom:video-decoder-webm-vp8: 9c59270c3fd7afecdb556c50c9e8de78 -> 
  custom:audio-decoder-ogg-vorbis: bf7c407c2cedff20999df2af8eb42d56 -> 
========================================================================
Received Import Request.
  Time since last request: 178358.533782 seconds.
  path: Assets/Font
  artifactKey: Guid(caa49398711ab30468b1fda2b386b456) Importer(815301076,1909f56bfc062723c751e8b465ee728b)
Start importing Assets/Font using Guid(caa49398711ab30468b1fda2b386b456) Importer(815301076,1909f56bfc062723c751e8b465ee728b)  -> (artifact id: '590ca9a17359fd0281e00c20ed4d8a8b') in 0.309233 seconds 
========================================================================
Received Import Request.
  Time since last request: 5.019655 seconds.
  path: Assets/Font/TaipeiSansTCBeta-Bold.ttf
  artifactKey: Guid(3be20adfee379d4428fd49f2be9391ff) Importer(815301076,1909f56bfc062723c751e8b465ee728b)
Start importing Assets/Font/TaipeiSansTCBeta-Bold.ttf using Guid(3be20adfee379d4428fd49f2be9391ff) Importer(815301076,1909f56bfc062723c751e8b465ee728b)  -> (artifact id: 'a40256ff4eebb0847ea8752541b3a5c0') in 1.178813 seconds 
========================================================================
Received Import Request.
  Time since last request: 218.465681 seconds.
  path: Assets/Font/中文字體.asset
  artifactKey: Guid(7fb15674a8070324aac2259fe80823ff) Importer(815301076,1909f56bfc062723c751e8b465ee728b)
Start importing Assets/Font/中文字體.asset using Guid(7fb15674a8070324aac2259fe80823ff) Importer(815301076,1909f56bfc062723c751e8b465ee728b)  -> (artifact id: 'f740a16ad7ce7107f3eda9f445933fdf') in 0.252851 seconds 
========================================================================
Received Import Request.
  Time since last request: 24.020979 seconds.
  path: Assets/TextMesh Pro/Resources/Fonts & Materials/LiberationSans SDF - Drop Shadow.mat
  artifactKey: Guid(e73a58f6e2794ae7b1b7e50b7fb811b0) Importer(815301076,1909f56bfc062723c751e8b465ee728b)
Start importing Assets/TextMesh Pro/Resources/Fonts & Materials/LiberationSans SDF - Drop Shadow.mat using Guid(e73a58f6e2794ae7b1b7e50b7fb811b0) Importer(815301076,1909f56bfc062723c751e8b465ee728b)  -> (artifact id: 'e87abd10d72ddd3ecd03231d1be3b698') in 1.829012 seconds 
========================================================================
Received Import Request.
  Time since last request: 117.130849 seconds.
  path: Assets/Font/中文字體.asset
  artifactKey: Guid(7fb15674a8070324aac2259fe80823ff) Importer(815301076,1909f56bfc062723c751e8b465ee728b)
Start importing Assets/Font/中文字體.asset using Guid(7fb15674a8070324aac2259fe80823ff) Importer(815301076,1909f56bfc062723c751e8b465ee728b)  -> (artifact id: 'cd2d74fe90bef6134fe20145e3d5b358') in 0.454340 seconds 
========================================================================
Received Import Request.
  Time since last request: 43685.177879 seconds.
  path: Assets/Font/中文字體.asset
  artifactKey: Guid(7fb15674a8070324aac2259fe80823ff) Importer(815301076,1909f56bfc062723c751e8b465ee728b)
Start importing Assets/Font/中文字體.asset using Guid(7fb15674a8070324aac2259fe80823ff) Importer(815301076,1909f56bfc062723c751e8b465ee728b)  -> (artifact id: 'ff6682db1b1dd8d54d416795e9e5f499') in 0.593899 seconds 
========================================================================
Received Import Request.
  Time since last request: 183.684673 seconds.
  path: Assets/Font/TaipeiSansTCBeta-Regular.ttf
  artifactKey: Guid(7171ab5e6d75fe24f9e214b2ff7b1dbe) Importer(815301076,1909f56bfc062723c751e8b465ee728b)
Start importing Assets/Font/TaipeiSansTCBeta-Regular.ttf using Guid(7171ab5e6d75fe24f9e214b2ff7b1dbe) Importer(815301076,1909f56bfc062723c751e8b465ee728b)  -> (artifact id: '9f577a191b9ff335911f9089a7b5cd43') in 0.091891 seconds 
========================================================================
Received Import Request.
  Time since last request: 414.175644 seconds.
  path: Assets/TextMesh Pro/Examples & Extras/Resources/Color Gradient Presets/Blue to Purple - Vertical.asset
  artifactKey: Guid(479a66fa4b094512a62b0a8e553ad95a) Importer(815301076,1909f56bfc062723c751e8b465ee728b)
Start importing Assets/TextMesh Pro/Examples & Extras/Resources/Color Gradient Presets/Blue to Purple - Vertical.asset using Guid(479a66fa4b094512a62b0a8e553ad95a) Importer(815301076,1909f56bfc062723c751e8b465ee728b)  -> (artifact id: '5442635ef9aa4f423b9aa77e7bf67fd6') in 0.050048 seconds 
========================================================================
Received Import Request.
  Time since last request: 0.000064 seconds.
  path: Assets/TextMesh Pro/Examples & Extras/Resources/Color Gradient Presets/Yellow to Orange - Vertical.asset
  artifactKey: Guid(69a525efa7e6472eab268f6ea605f06e) Importer(815301076,1909f56bfc062723c751e8b465ee728b)
Start importing Assets/TextMesh Pro/Examples & Extras/Resources/Color Gradient Presets/Yellow to Orange - Vertical.asset using Guid(69a525efa7e6472eab268f6ea605f06e) Importer(815301076,1909f56bfc062723c751e8b465ee728b)  -> (artifact id: '6bc35c52dcf025d88c6bb873ec9cdcf3') in 0.035905 seconds 
========================================================================
Received Import Request.
  Time since last request: 0.000056 seconds.
  path: Assets/TextMesh Pro/Examples & Extras/Resources/Color Gradient Presets/Light to Dark Green - Vertical.asset
  artifactKey: Guid(5cf8ae092ca54931b443bec5148f3c59) Importer(815301076,1909f56bfc062723c751e8b465ee728b)
Start importing Assets/TextMesh Pro/Examples & Extras/Resources/Color Gradient Presets/Light to Dark Green - Vertical.asset using Guid(5cf8ae092ca54931b443bec5148f3c59) Importer(815301076,1909f56bfc062723c751e8b465ee728b)  -> (artifact id: '17b61fee0f558a9fb0f22f3d9a8785a0') in 0.023868 seconds 
========================================================================
Received Import Request.
  Time since last request: 113.217286 seconds.
  path: Packages/com.unity.collab-proxy/Editor/Collaborate/Assets/Icons/added-file-dark.png
  artifactKey: Guid(1a4f52b613391cd449af3ad2e44affeb) Importer(815301076,1909f56bfc062723c751e8b465ee728b)
Start importing Packages/com.unity.collab-proxy/Editor/Collaborate/Assets/Icons/added-file-dark.png using Guid(1a4f52b613391cd449af3ad2e44affeb) Importer(815301076,1909f56bfc062723c751e8b465ee728b)  -> (artifact id: 'eba5ca39c2c029229bd0e46626bb61be') in 0.696578 seconds 
========================================================================
Received Import Request.
  Time since last request: 0.001309 seconds.
  path: Assets/Monsters Creatures Fantasy/Sprites/Skeleton/Attack1.png
  artifactKey: Guid(5f19f67e94a2e2f4ba57d2b338387c11) Importer(815301076,1909f56bfc062723c751e8b465ee728b)
Start importing Assets/Monsters Creatures Fantasy/Sprites/Skeleton/Attack1.png using Guid(5f19f67e94a2e2f4ba57d2b338387c11) Importer(815301076,1909f56bfc062723c751e8b465ee728b)  -> (artifact id: '8da24157db74cda7ba4c44c8bdd235be') in 0.590002 seconds 
========================================================================
Received Import Request.
  Time since last request: 0.000068 seconds.
  path: Assets/Monsters Creatures Fantasy/Sprites/Mushroom/Attack1.png
  artifactKey: Guid(5cdfcef2d5ef97347a8d7935407f81ab) Importer(815301076,1909f56bfc062723c751e8b465ee728b)
Start importing Assets/Monsters Creatures Fantasy/Sprites/Mushroom/Attack1.png using Guid(5cdfcef2d5ef97347a8d7935407f81ab) Importer(815301076,1909f56bfc062723c751e8b465ee728b)  -> (artifact id: 'ff0d31bc2248cd9c9c1b32a84808ae4c') in 0.268647 seconds 
========================================================================
Received Import Request.
  Time since last request: 4.413521 seconds.
  path: Assets/Monsters Creatures Fantasy/Sprites/Flying eye/Attack1.png
  artifactKey: Guid(ce3326307819d6e4497038e63e070108) Importer(815301076,1909f56bfc062723c751e8b465ee728b)
Start importing Assets/Monsters Creatures Fantasy/Sprites/Flying eye/Attack1.png using Guid(ce3326307819d6e4497038e63e070108) Importer(815301076,1909f56bfc062723c751e8b465ee728b)  -> (artifact id: '9949dc06fdbc225c6220fbe9e2cfec55') in 0.245781 seconds 
========================================================================
Received Import Request.
  Time since last request: 2.616560 seconds.
  path: Assets/SunnyLand Artwork/Sprites/Enemies/Eagle Dive Attack/attack2.png
  artifactKey: Guid(e13889351117c7d45baa2713c349b9a4) Importer(815301076,1909f56bfc062723c751e8b465ee728b)
Start importing Assets/SunnyLand Artwork/Sprites/Enemies/Eagle Dive Attack/attack2.png using Guid(e13889351117c7d45baa2713c349b9a4) Importer(815301076,1909f56bfc062723c751e8b465ee728b)  -> (artifact id: 'e1524d276fb5a18dd18c34f623fe38ba') in 0.068456 seconds 
========================================================================
Received Import Request.
  Time since last request: 0.000124 seconds.
  path: Assets/Monsters Creatures Fantasy/Sprites/Goblin/Attack2.png
  artifactKey: Guid(0bde33da364a06c4ab011aca33752f33) Importer(815301076,1909f56bfc062723c751e8b465ee728b)
Start importing Assets/Monsters Creatures Fantasy/Sprites/Goblin/Attack2.png using Guid(0bde33da364a06c4ab011aca33752f33) Importer(815301076,1909f56bfc062723c751e8b465ee728b)  -> (artifact id: '6c069e23e5dc4e95ebd725b0bf1b3297') in 0.319320 seconds 
========================================================================
Received Import Request.
  Time since last request: 1.699170 seconds.
  path: Assets/Monsters Creatures Fantasy/Sprites/Skeleton/Attack2.png
  artifactKey: Guid(267c7fb536f99514ea7c4e7236d4bdf8) Importer(815301076,1909f56bfc062723c751e8b465ee728b)
Start importing Assets/Monsters Creatures Fantasy/Sprites/Skeleton/Attack2.png using Guid(267c7fb536f99514ea7c4e7236d4bdf8) Importer(815301076,1909f56bfc062723c751e8b465ee728b)  -> (artifact id: '8f51d509b027cc13786d5f1cab8e4ef1') in 0.200862 seconds 
========================================================================
Received Import Request.
  Time since last request: 0.000697 seconds.
  path: Packages/com.unity.collab-proxy/Editor/Collaborate/Assets/Icons/back-dark@2x.png
  artifactKey: Guid(9c6313a5316f8a34b852bf94ff96e3ab) Importer(815301076,1909f56bfc062723c751e8b465ee728b)
Start importing Packages/com.unity.collab-proxy/Editor/Collaborate/Assets/Icons/back-dark@2x.png using Guid(9c6313a5316f8a34b852bf94ff96e3ab) Importer(815301076,1909f56bfc062723c751e8b465ee728b)  -> (artifact id: 'b2cdd21ba28effcf97b4d8b1df1eb560') in 0.106924 seconds 
========================================================================
Received Import Request.
  Time since last request: 0.323214 seconds.
  path: Packages/com.unity.collab-proxy/Editor/Collaborate/Assets/Icons/back-light.png
  artifactKey: Guid(e676ab7aa99535447a763c9f88bf9260) Importer(815301076,1909f56bfc062723c751e8b465ee728b)
Start importing Packages/com.unity.collab-proxy/Editor/Collaborate/Assets/Icons/back-light.png using Guid(e676ab7aa99535447a763c9f88bf9260) Importer(815301076,1909f56bfc062723c751e8b465ee728b)  -> (artifact id: '2491b0081ee76b59e3108f566b9f674d') in 0.156035 seconds 
========================================================================
Received Import Request.
  Time since last request: 0.000057 seconds.
  path: Assets/SunnyLand Artwork/Sprites/Enemies/bat/bat-fly/bat-fly1.png
  artifactKey: Guid(f7155fac0d464a04796941cd3fbbfaac) Importer(815301076,1909f56bfc062723c751e8b465ee728b)
Start importing Assets/SunnyLand Artwork/Sprites/Enemies/bat/bat-fly/bat-fly1.png using Guid(f7155fac0d464a04796941cd3fbbfaac) Importer(815301076,1909f56bfc062723c751e8b465ee728b)  -> (artifact id: '1f7eded9d4afe5560e853507fa0f89ae') in 0.083851 seconds 
========================================================================
Received Import Request.
  Time since last request: 0.155362 seconds.
  path: Assets/SunnyLand Artwork/Sprites/Enemies/bat/bat-fly/bat-fly2.png
  artifactKey: Guid(5a464ebfa54da16439b0d2aa99592a78) Importer(815301076,1909f56bfc062723c751e8b465ee728b)
Start importing Assets/SunnyLand Artwork/Sprites/Enemies/bat/bat-fly/bat-fly2.png using Guid(5a464ebfa54da16439b0d2aa99592a78) Importer(815301076,1909f56bfc062723c751e8b465ee728b)  -> (artifact id: '2d107621ffb41a94e6ad23501e19d161') in 0.072323 seconds 
========================================================================
Received Import Request.
  Time since last request: 0.000055 seconds.
  path: Assets/SunnyLand Artwork/Sprites/Enemies/bat/bat-hang/bat-hang1.png
  artifactKey: Guid(8154dd34746465c4e9e4cdcb0f6ef113) Importer(815301076,1909f56bfc062723c751e8b465ee728b)
Start importing Assets/SunnyLand Artwork/Sprites/Enemies/bat/bat-hang/bat-hang1.png using Guid(8154dd34746465c4e9e4cdcb0f6ef113) Importer(815301076,1909f56bfc062723c751e8b465ee728b)  -> (artifact id: '7d3a815527373e7a9baf2843af2f471b') in 0.096194 seconds 
========================================================================
Received Import Request.
  Time since last request: 1.843664 seconds.
  path: Assets/SunnyLand Artwork/Sprites/Enemies/bat/bat-hang/bat-hang3.png
  artifactKey: Guid(2a3d9bc1b0c14f44a98ed352ba9dc8ac) Importer(815301076,1909f56bfc062723c751e8b465ee728b)
Start importing Assets/SunnyLand Artwork/Sprites/Enemies/bat/bat-hang/bat-hang3.png using Guid(2a3d9bc1b0c14f44a98ed352ba9dc8ac) Importer(815301076,1909f56bfc062723c751e8b465ee728b)  -> (artifact id: '0e7e71dc8c4050c929303d160ce67493') in 0.073324 seconds 
========================================================================
Received Import Request.
  Time since last request: 0.003062 seconds.
  path: Assets/SunnyLand Artwork/Sprites/Enemies/bear/bear-walk1.png
  artifactKey: Guid(05806b63f014ac3449ddae915b77a961) Importer(815301076,1909f56bfc062723c751e8b465ee728b)
Start importing Assets/SunnyLand Artwork/Sprites/Enemies/bear/bear-walk1.png using Guid(05806b63f014ac3449ddae915b77a961) Importer(815301076,1909f56bfc062723c751e8b465ee728b)  -> (artifact id: '555a9d4b1aca1ba60d182f8a556fe41a') in 0.132205 seconds 
========================================================================
Received Import Request.
  Time since last request: 1.474473 seconds.
  path: Assets/SunnyLand Artwork/Sprites/Enemies/bear/bear-walk3.png
  artifactKey: Guid(39fbd688d112e3a40b4385cf461cff80) Importer(815301076,1909f56bfc062723c751e8b465ee728b)
Start importing Assets/SunnyLand Artwork/Sprites/Enemies/bear/bear-walk3.png using Guid(39fbd688d112e3a40b4385cf461cff80) Importer(815301076,1909f56bfc062723c751e8b465ee728b)  -> (artifact id: '060c5172e0be461af732919e7faba059') in 0.345962 seconds 
========================================================================
Received Import Request.
  Time since last request: 0.013560 seconds.
  path: Assets/SunnyLand Artwork/Sprites/Enemies/Bettle/bettle4.png
  artifactKey: Guid(d205f3e763882324487838607d52cbc8) Importer(815301076,1909f56bfc062723c751e8b465ee728b)
Start importing Assets/SunnyLand Artwork/Sprites/Enemies/Bettle/bettle4.png using Guid(d205f3e763882324487838607d52cbc8) Importer(815301076,1909f56bfc062723c751e8b465ee728b)  -> (artifact id: 'b6d4266f50f40c874b56e0f990ef1465') in 0.164233 seconds 
========================================================================
Received Import Request.
  Time since last request: 0.000054 seconds.
  path: Packages/com.unity.2d.animation/Editor/Assets/SkinningModule/Icons/Light/Bone.png
  artifactKey: Guid(62ce01ddca719d34ea9648c586a7cc94) Importer(815301076,1909f56bfc062723c751e8b465ee728b)
Start importing Packages/com.unity.2d.animation/Editor/Assets/SkinningModule/Icons/Light/Bone.png using Guid(62ce01ddca719d34ea9648c586a7cc94) Importer(815301076,1909f56bfc062723c751e8b465ee728b)  -> (artifact id: '90979b428f1848ec2fd917c63c81c7af') in 0.142018 seconds 
========================================================================
Received Import Request.
  Time since last request: 0.000079 seconds.
  path: Assets/SunnyLand Artwork/Environment/props/block-big.png
  artifactKey: Guid(5bccf13ce09bd43e39c1c3416d5de92c) Importer(815301076,1909f56bfc062723c751e8b465ee728b)
Start importing Assets/SunnyLand Artwork/Environment/props/block-big.png using Guid(5bccf13ce09bd43e39c1c3416d5de92c) Importer(815301076,1909f56bfc062723c751e8b465ee728b)  -> (artifact id: 'f9c64d12a3d3b37e713f091ce9683a1f') in 0.201691 seconds 
========================================================================
Received Import Request.
  Time since last request: 0.001813 seconds.
  path: Assets/SunnyLand Artwork/Sprites/Enemies/Bettle/bettle3.png
  artifactKey: Guid(08bec17a815b38f448703a69547f4e4f) Importer(815301076,1909f56bfc062723c751e8b465ee728b)
Start importing Assets/SunnyLand Artwork/Sprites/Enemies/Bettle/bettle3.png using Guid(08bec17a815b38f448703a69547f4e4f) Importer(815301076,1909f56bfc062723c751e8b465ee728b)  -> (artifact id: '48f597e7f592079f7b9e0812ec46c5d0') in 0.170657 seconds 
========================================================================
Received Import Request.
  Time since last request: 1.730913 seconds.
  path: Packages/com.unity.2d.animation/Editor/Assets/SkinningModule/Icons/Light/Bone@2x.png
  artifactKey: Guid(d6a44ab95b0def041a7929981a2c23a1) Importer(815301076,1909f56bfc062723c751e8b465ee728b)
Start importing Packages/com.unity.2d.animation/Editor/Assets/SkinningModule/Icons/Light/Bone@2x.png using Guid(d6a44ab95b0def041a7929981a2c23a1) Importer(815301076,1909f56bfc062723c751e8b465ee728b)  -> (artifact id: 'a52118f027ad6deab6027b47986cf0bd') in 0.049616 seconds 
========================================================================
Received Import Request.
  Time since last request: 0.224562 seconds.
  path: Packages/com.unity.2d.animation/Editor/Assets/SkinningModule/Icons/Light/Bone@4x.png
  artifactKey: Guid(9125c204f566db048a92ebcb64d9d14a) Importer(815301076,1909f56bfc062723c751e8b465ee728b)
Start importing Packages/com.unity.2d.animation/Editor/Assets/SkinningModule/Icons/Light/Bone@4x.png using Guid(9125c204f566db048a92ebcb64d9d14a) Importer(815301076,1909f56bfc062723c751e8b465ee728b)  -> (artifact id: '87cb1a8b67ee75ddb0c0eb7a871b524f') in 0.058545 seconds 
========================================================================
Received Import Request.
  Time since last request: 0.000053 seconds.
  path: Packages/com.unity.2d.animation/Editor/Assets/SkinningModule/Icons/Light/Bone_Influence@2x.png
  artifactKey: Guid(7395bf0bc3cc40e4ab2dda5ec6832261) Importer(815301076,1909f56bfc062723c751e8b465ee728b)
Start importing Packages/com.unity.2d.animation/Editor/Assets/SkinningModule/Icons/Light/Bone_Influence@2x.png using Guid(7395bf0bc3cc40e4ab2dda5ec6832261) Importer(815301076,1909f56bfc062723c751e8b465ee728b)  -> (artifact id: '2a43a14256e1b02b1a5e299dfb77db2b') in 0.133671 seconds 
========================================================================
Received Import Request.
  Time since last request: 0.159478 seconds.
  path: Packages/com.unity.2d.animation/Editor/Assets/SkinningModule/Icons/Selected/Bone_Influence@2x.png
  artifactKey: Guid(0779ad3feec52124e97114bcbb12ef13) Importer(815301076,1909f56bfc062723c751e8b465ee728b)
Start importing Packages/com.unity.2d.animation/Editor/Assets/SkinningModule/Icons/Selected/Bone_Influence@2x.png using Guid(0779ad3feec52124e97114bcbb12ef13) Importer(815301076,1909f56bfc062723c751e8b465ee728b)  -> (artifact id: '266d7e573d0ce8126834d21a0f944757') in 0.067536 seconds 
========================================================================
Received Import Request.
  Time since last request: 0.000054 seconds.
  path: Packages/com.unity.2d.animation/Editor/Assets/SkinningModule/Icons/Light/Bone_Influence@3x.png
  artifactKey: Guid(cee9dbe90b270c944ae1dabf41c93b10) Importer(815301076,1909f56bfc062723c751e8b465ee728b)
Start importing Packages/com.unity.2d.animation/Editor/Assets/SkinningModule/Icons/Light/Bone_Influence@3x.png using Guid(cee9dbe90b270c944ae1dabf41c93b10) Importer(815301076,1909f56bfc062723c751e8b465ee728b)  -> (artifact id: '770a381add45d5d1020f5c95d4786453') in 0.107633 seconds 
========================================================================
Received Import Request.
  Time since last request: 0.185064 seconds.
  path: Packages/com.unity.2d.animation/Editor/Assets/SkinningModule/Icons/Selected/Bone_Influence@4x.png
  artifactKey: Guid(daf2ab606d4db0d4f9ecf4c02137d2a8) Importer(815301076,1909f56bfc062723c751e8b465ee728b)
Start importing Packages/com.unity.2d.animation/Editor/Assets/SkinningModule/Icons/Selected/Bone_Influence@4x.png using Guid(daf2ab606d4db0d4f9ecf4c02137d2a8) Importer(815301076,1909f56bfc062723c751e8b465ee728b)  -> (artifact id: '663a633cd24b995bc92740235d03ce9f') in 0.052535 seconds 
========================================================================
Received Import Request.
  Time since last request: 0.000051 seconds.
  path: Assets/Pixel Monster Pack/32x32 monsters/boneworm-blue.png
  artifactKey: Guid(283b986b48549674ab2c6128d296ecaa) Importer(815301076,1909f56bfc062723c751e8b465ee728b)
Start importing Assets/Pixel Monster Pack/32x32 monsters/boneworm-blue.png using Guid(283b986b48549674ab2c6128d296ecaa) Importer(815301076,1909f56bfc062723c751e8b465ee728b)  -> (artifact id: '660b794663988101e871aa88225ccf05') in 0.084389 seconds 
========================================================================
Received Import Request.
  Time since last request: 0.000499 seconds.
  path: Assets/Pixel Monster Pack/64x64 monsters/boneworm-blue.png
  artifactKey: Guid(6ed1e2b8ed21d1f4bb26a2be4662fb84) Importer(815301076,1909f56bfc062723c751e8b465ee728b)
Start importing Assets/Pixel Monster Pack/64x64 monsters/boneworm-blue.png using Guid(6ed1e2b8ed21d1f4bb26a2be4662fb84) Importer(815301076,1909f56bfc062723c751e8b465ee728b)  -> (artifact id: '3bb1b54a2eb5af31d943067c3c4f834b') in 0.076532 seconds 
========================================================================
Received Import Request.
  Time since last request: 0.000088 seconds.
  path: Assets/Pixel Monster Pack/64x64 monsters/boneworm-black.png
  artifactKey: Guid(625661522ee466043a902f71d9fc2f00) Importer(815301076,1909f56bfc062723c751e8b465ee728b)
Start importing Assets/Pixel Monster Pack/64x64 monsters/boneworm-black.png using Guid(625661522ee466043a902f71d9fc2f00) Importer(815301076,1909f56bfc062723c751e8b465ee728b)  -> (artifact id: '2a6a859ab086963c8893611a7df6c28f') in 0.081808 seconds 
========================================================================
Received Import Request.
  Time since last request: 0.000053 seconds.
  path: Assets/Pixel Monster Pack/32x32 monsters/boneworm-white.png
  artifactKey: Guid(e725470deb4cd5e48869d437c2f7614a) Importer(815301076,1909f56bfc062723c751e8b465ee728b)
Start importing Assets/Pixel Monster Pack/32x32 monsters/boneworm-white.png using Guid(e725470deb4cd5e48869d437c2f7614a) Importer(815301076,1909f56bfc062723c751e8b465ee728b)  -> (artifact id: '423f12a5c52760f5b48ba66543805c28') in 0.058158 seconds 
========================================================================
Received Import Request.
  Time since last request: 0.001936 seconds.
  path: Assets/SunnyLand Artwork/Sprites/Enemies/bunny/bunny2.png
  artifactKey: Guid(ddacff8b75af3d345b57a4a28c263042) Importer(815301076,1909f56bfc062723c751e8b465ee728b)
Start importing Assets/SunnyLand Artwork/Sprites/Enemies/bunny/bunny2.png using Guid(ddacff8b75af3d345b57a4a28c263042) Importer(815301076,1909f56bfc062723c751e8b465ee728b)  -> (artifact id: 'd4e1afe9e83eb855334d20a605c099f2') in 0.102233 seconds 
========================================================================
Received Import Request.
  Time since last request: 0.468754 seconds.
  path: Assets/SunnyLand Artwork/Sprites/Enemies/bunny/bunny3.png
  artifactKey: Guid(ff80f8f830d1c3f418fea9ca85ba01f9) Importer(815301076,1909f56bfc062723c751e8b465ee728b)
Start importing Assets/SunnyLand Artwork/Sprites/Enemies/bunny/bunny3.png using Guid(ff80f8f830d1c3f418fea9ca85ba01f9) Importer(815301076,1909f56bfc062723c751e8b465ee728b)  -> (artifact id: '6db51fdbda2357d7bf4d38a1123a8824') in 0.076246 seconds 
========================================================================
Received Import Request.
  Time since last request: 0.000136 seconds.
  path: Packages/com.unity.collab-proxy/Editor/PlasticSCM/Assets/Images/buttonssosigninunity.png
  artifactKey: Guid(f9161c6c9e06dc445ada3ee16d991f90) Importer(815301076,1909f56bfc062723c751e8b465ee728b)
Start importing Packages/com.unity.collab-proxy/Editor/PlasticSCM/Assets/Images/buttonssosigninunity.png using Guid(f9161c6c9e06dc445ada3ee16d991f90) Importer(815301076,1909f56bfc062723c751e8b465ee728b)  -> (artifact id: 'd8c0a1012fee028febd9d854217d0802') in 0.142285 seconds 
========================================================================
Received Import Request.
  Time since last request: 0.000455 seconds.
  path: Packages/com.unity.collab-proxy/Editor/PlasticSCM/Assets/Images/buttonssosigningoogle.png
  artifactKey: Guid(f09eae8c0ea04254b90c5386a034a225) Importer(815301076,1909f56bfc062723c751e8b465ee728b)
Start importing Packages/com.unity.collab-proxy/Editor/PlasticSCM/Assets/Images/buttonssosigningoogle.png using Guid(f09eae8c0ea04254b90c5386a034a225) Importer(815301076,1909f56bfc062723c751e8b465ee728b)  -> (artifact id: 'a571b1d38ad40f4e4a10d47155aa86d5') in 0.101413 seconds 
========================================================================
Received Import Request.
  Time since last request: 0.233787 seconds.
  path: Assets/Pixel Monster Pack/32x32 monsters/cerberus-black.png
  artifactKey: Guid(7b5003f1c938a804a8c25728d3f30398) Importer(815301076,1909f56bfc062723c751e8b465ee728b)
Start importing Assets/Pixel Monster Pack/32x32 monsters/cerberus-black.png using Guid(7b5003f1c938a804a8c25728d3f30398) Importer(815301076,1909f56bfc062723c751e8b465ee728b)  -> (artifact id: '86b4aa09022c1254c9cc068d21fc421b') in 0.071231 seconds 
========================================================================
Received Import Request.
  Time since last request: 0.000054 seconds.
  path: Assets/Pixel Monster Pack/64x64 monsters/cerberus-green.png
  artifactKey: Guid(0bcc33c31d9fbbe46884d6d2a9af9f3a) Importer(815301076,1909f56bfc062723c751e8b465ee728b)
Start importing Assets/Pixel Monster Pack/64x64 monsters/cerberus-green.png using Guid(0bcc33c31d9fbbe46884d6d2a9af9f3a) Importer(815301076,1909f56bfc062723c751e8b465ee728b)  -> (artifact id: '869892f15b8a0d7ba9b98a2cc78c92c6') in 0.078872 seconds 
========================================================================
Received Import Request.
  Time since last request: 0.304907 seconds.
  path: Assets/Pixel Monster Pack/32x32 monsters/cerberus-red.png
  artifactKey: Guid(e78e9f6ac378f9147b219a4aa0ca0fb9) Importer(815301076,1909f56bfc062723c751e8b465ee728b)
Start importing Assets/Pixel Monster Pack/32x32 monsters/cerberus-red.png using Guid(e78e9f6ac378f9147b219a4aa0ca0fb9) Importer(815301076,1909f56bfc062723c751e8b465ee728b)  -> (artifact id: 'f9584e99b5da007e91d776a506c11bb5') in 0.046957 seconds 
========================================================================
Received Import Request.
  Time since last request: 0.081833 seconds.
  path: Assets/Pixel Monster Pack/32x32 monsters/cerberus-white.png
  artifactKey: Guid(a23a7ced775ab28459e507d5c8cb8482) Importer(815301076,1909f56bfc062723c751e8b465ee728b)
Start importing Assets/Pixel Monster Pack/32x32 monsters/cerberus-white.png using Guid(a23a7ced775ab28459e507d5c8cb8482) Importer(815301076,1909f56bfc062723c751e8b465ee728b)  -> (artifact id: '884b927213f5ac66402b73bc15a71786') in 0.073761 seconds 
========================================================================
Received Import Request.
  Time since last request: 0.490583 seconds.
  path: Packages/com.unity.2d.animation/Editor/Assets/SkinningModule/Icons/Selected/character_Mode.png
  artifactKey: Guid(e60718119cec31e4190849292fcde068) Importer(815301076,1909f56bfc062723c751e8b465ee728b)
Start importing Packages/com.unity.2d.animation/Editor/Assets/SkinningModule/Icons/Selected/character_Mode.png using Guid(e60718119cec31e4190849292fcde068) Importer(815301076,1909f56bfc062723c751e8b465ee728b)  -> (artifact id: 'f9cbb3122d9c39fc941aa715843371aa') in 0.070237 seconds 
========================================================================
Received Import Request.
  Time since last request: 0.444352 seconds.
  path: Packages/com.unity.2d.animation/Editor/Assets/SkinningModule/Icons/Selected/character_Mode@2x.png
  artifactKey: Guid(5d52b20f865aff242bfcb08c3b6f61a5) Importer(815301076,1909f56bfc062723c751e8b465ee728b)
Start importing Packages/com.unity.2d.animation/Editor/Assets/SkinningModule/Icons/Selected/character_Mode@2x.png using Guid(5d52b20f865aff242bfcb08c3b6f61a5) Importer(815301076,1909f56bfc062723c751e8b465ee728b)  -> (artifact id: '011ddc63a6b21aa029e12b4dd53c5915') in 0.098943 seconds 
========================================================================
Received Import Request.
  Time since last request: 0.027619 seconds.
  path: Packages/com.unity.2d.animation/Editor/Assets/SkinningModule/Icons/Light/character_Mode@3x.png
  artifactKey: Guid(17fa84703485d314b8d6b5216987d4b1) Importer(815301076,1909f56bfc062723c751e8b465ee728b)
Start importing Packages/com.unity.2d.animation/Editor/Assets/SkinningModule/Icons/Light/character_Mode@3x.png using Guid(17fa84703485d314b8d6b5216987d4b1) Importer(815301076,1909f56bfc062723c751e8b465ee728b)  -> (artifact id: '8863dd848f0d6ee253c427b6f69b7523') in 0.121610 seconds 
========================================================================
Received Import Request.
  Time since last request: 0.008338 seconds.
  path: Packages/com.unity.2d.animation/Editor/Assets/SkinningModule/Icons/Light/character_Mode@4x.png
  artifactKey: Guid(748ae8b33df036b46a86e0387f1602cf) Importer(815301076,1909f56bfc062723c751e8b465ee728b)
Start importing Packages/com.unity.2d.animation/Editor/Assets/SkinningModule/Icons/Light/character_Mode@4x.png using Guid(748ae8b33df036b46a86e0387f1602cf) Importer(815301076,1909f56bfc062723c751e8b465ee728b)  -> (artifact id: 'cc84564efb71bdba69b57ab532ef7c85') in 0.082068 seconds 
========================================================================
Received Import Request.
  Time since last request: 2.097819 seconds.
  path: Assets/SunnyLand Artwork/Sprites/Items/cherry/cherry-1.png
  artifactKey: Guid(bdce2a9cb3d0242958c2593a3b8d8742) Importer(815301076,1909f56bfc062723c751e8b465ee728b)
Start importing Assets/SunnyLand Artwork/Sprites/Items/cherry/cherry-1.png using Guid(bdce2a9cb3d0242958c2593a3b8d8742) Importer(815301076,1909f56bfc062723c751e8b465ee728b)  -> (artifact id: '23e168876321bf66398885fdcd6625c6') in 0.096912 seconds 
========================================================================
Received Import Request.
  Time since last request: 0.201904 seconds.
  path: Assets/SunnyLand Artwork/Sprites/Items/cherry/cherry-3.png
  artifactKey: Guid(06c04197e6f394ba897942f561e896c1) Importer(815301076,1909f56bfc062723c751e8b465ee728b)
Start importing Assets/SunnyLand Artwork/Sprites/Items/cherry/cherry-3.png using Guid(06c04197e6f394ba897942f561e896c1) Importer(815301076,1909f56bfc062723c751e8b465ee728b)  -> (artifact id: 'e0d82fdc8f6c898fba35a8755ca4b0a5') in 0.113653 seconds 
========================================================================
Received Import Request.
  Time since last request: 0.000058 seconds.
  path: Assets/SunnyLand Artwork/Sprites/Items/cherry/cherry-7.png
  artifactKey: Guid(056b6a3f6e14d4af2a7d641c4dd44e79) Importer(815301076,1909f56bfc062723c751e8b465ee728b)
Start importing Assets/SunnyLand Artwork/Sprites/Items/cherry/cherry-7.png using Guid(056b6a3f6e14d4af2a7d641c4dd44e79) Importer(815301076,1909f56bfc062723c751e8b465ee728b)  -> (artifact id: '0721694515907ec87b681fe47d6d8376') in 0.176480 seconds 
========================================================================
Received Import Request.
  Time since last request: 0.000064 seconds.
  path: Packages/com.unity.collab-proxy/Editor/Collaborate/Assets/Icons/choose-mine-dark.png
  artifactKey: Guid(a972d8b163b45d54b89085acf50327e8) Importer(815301076,1909f56bfc062723c751e8b465ee728b)
Start importing Packages/com.unity.collab-proxy/Editor/Collaborate/Assets/Icons/choose-mine-dark.png using Guid(a972d8b163b45d54b89085acf50327e8) Importer(815301076,1909f56bfc062723c751e8b465ee728b)  -> (artifact id: '7280d369e71679cd2d903e35d6a02c44') in 0.254385 seconds 
========================================================================
Received Import Request.
  Time since last request: 0.000951 seconds.
  path: Packages/com.unity.collab-proxy/Editor/Collaborate/Assets/Icons/choose-remote-light.png
  artifactKey: Guid(78f56e873f56d7943aef2a039430732e) Importer(815301076,1909f56bfc062723c751e8b465ee728b)
Start importing Packages/com.unity.collab-proxy/Editor/Collaborate/Assets/Icons/choose-remote-light.png using Guid(78f56e873f56d7943aef2a039430732e) Importer(815301076,1909f56bfc062723c751e8b465ee728b)  -> (artifact id: '60e9ff513a3dc1582681e545934c687b') in 0.101060 seconds 
========================================================================
Received Import Request.
  Time since last request: 0.000516 seconds.
  path: Packages/com.unity.collab-proxy/Editor/Collaborate/Assets/Icons/choose-mine-light.png
  artifactKey: Guid(2c0bdcbf152ceb64ba9b01cc370a9092) Importer(815301076,1909f56bfc062723c751e8b465ee728b)
Start importing Packages/com.unity.collab-proxy/Editor/Collaborate/Assets/Icons/choose-mine-light.png using Guid(2c0bdcbf152ceb64ba9b01cc370a9092) Importer(815301076,1909f56bfc062723c751e8b465ee728b)  -> (artifact id: '35e7c21db7f35c7b82edd229b55fa15d') in 0.218579 seconds 
========================================================================
Received Import Request.
  Time since last request: 0.000560 seconds.
  path: Packages/com.unity.collab-proxy/Editor/Collaborate/Assets/Icons/clear-dark@2x.png
  artifactKey: Guid(c98f350e47082844fa2954de4d2d5ff9) Importer(815301076,1909f56bfc062723c751e8b465ee728b)
Start importing Packages/com.unity.collab-proxy/Editor/Collaborate/Assets/Icons/clear-dark@2x.png using Guid(c98f350e47082844fa2954de4d2d5ff9) Importer(815301076,1909f56bfc062723c751e8b465ee728b)  -> (artifact id: 'e8c4e1c81cd7457f600b7ec6141bd266') in 0.136126 seconds 
========================================================================
Received Import Request.
  Time since last request: 0.000056 seconds.
  path: Packages/com.unity.collab-proxy/Editor/Collaborate/Assets/Icons/collaborate-available-changes-dark.png
  artifactKey: Guid(07ab2758fd6b77141ae34a703972f385) Importer(815301076,1909f56bfc062723c751e8b465ee728b)
Start importing Packages/com.unity.collab-proxy/Editor/Collaborate/Assets/Icons/collaborate-available-changes-dark.png using Guid(07ab2758fd6b77141ae34a703972f385) Importer(815301076,1909f56bfc062723c751e8b465ee728b)  -> (artifact id: 'eaba0d6215e1eaf8bc4f56c8714bc6f2') in 0.413246 seconds 
========================================================================
Received Import Request.
  Time since last request: 0.000915 seconds.
  path: Packages/com.unity.collab-proxy/Editor/Collaborate/Assets/Icons/collaborate-done-dark@2x.png
  artifactKey: Guid(fba4512e3548e0548b2cf4f11913e257) Importer(815301076,1909f56bfc062723c751e8b465ee728b)
Start importing Packages/com.unity.collab-proxy/Editor/Collaborate/Assets/Icons/collaborate-done-dark@2x.png using Guid(fba4512e3548e0548b2cf4f11913e257) Importer(815301076,1909f56bfc062723c751e8b465ee728b)  -> (artifact id: 'd14a63e5b94d069b908e2069d71e2598') in 0.156432 seconds 
========================================================================
Received Import Request.
  Time since last request: 0.000129 seconds.
  path: Packages/com.unity.collab-proxy/Editor/Collaborate/Assets/Icons/collaborate-dark@2x.png
  artifactKey: Guid(158d9c687149a0e499002e08c9420c70) Importer(815301076,1909f56bfc062723c751e8b465ee728b)
Start importing Packages/com.unity.collab-proxy/Editor/Collaborate/Assets/Icons/collaborate-dark@2x.png using Guid(158d9c687149a0e499002e08c9420c70) Importer(815301076,1909f56bfc062723c751e8b465ee728b)  -> (artifact id: '92ef503aad9da65fe58ef7e7fd867f97') in 0.079551 seconds 
========================================================================
Received Import Request.
  Time since last request: 0.000068 seconds.
  path: Packages/com.unity.collab-proxy/Editor/Collaborate/Assets/Icons/collaborate-error-light.png
  artifactKey: Guid(b08f8cbc53d0bfb45bd2fd1f676d3554) Importer(815301076,1909f56bfc062723c751e8b465ee728b)
Start importing Packages/com.unity.collab-proxy/Editor/Collaborate/Assets/Icons/collaborate-error-light.png using Guid(b08f8cbc53d0bfb45bd2fd1f676d3554) Importer(815301076,1909f56bfc062723c751e8b465ee728b)  -> (artifact id: '3e5b9857f3480b6f0f70ab37ca979784') in 0.057462 seconds 
========================================================================
Received Import Request.
  Time since last request: 0.000053 seconds.
  path: Packages/com.unity.collab-proxy/Editor/Collaborate/Assets/Icons/collaborate-incoming-dark.png
  artifactKey: Guid(4f1f02bee0a5ae24aac00a40a212299a) Importer(815301076,1909f56bfc062723c751e8b465ee728b)
Start importing Packages/com.unity.collab-proxy/Editor/Collaborate/Assets/Icons/collaborate-incoming-dark.png using Guid(4f1f02bee0a5ae24aac00a40a212299a) Importer(815301076,1909f56bfc062723c751e8b465ee728b)  -> (artifact id: '42b7ab321708a7af96d1d01261ebe281') in 0.068026 seconds 
========================================================================
Received Import Request.
  Time since last request: 0.000082 seconds.
  path: Packages/com.unity.collab-proxy/Editor/Collaborate/Assets/Icons/clear-light@2x.png
  artifactKey: Guid(c84258b6921bcce45a57f68a07b2143f) Importer(815301076,1909f56bfc062723c751e8b465ee728b)
Start importing Packages/com.unity.collab-proxy/Editor/Collaborate/Assets/Icons/clear-light@2x.png using Guid(c84258b6921bcce45a57f68a07b2143f) Importer(815301076,1909f56bfc062723c751e8b465ee728b)  -> (artifact id: '435c0c9540c96bc15417a3929c7a1452') in 0.060655 seconds 
========================================================================
Received Import Request.
  Time since last request: 0.000043 seconds.
  path: Packages/com.unity.collab-proxy/Editor/Collaborate/Assets/Icons/collaborate-error-dark@2x.png
  artifactKey: Guid(0159d5999f4dc4545848ed42cd775ec4) Importer(815301076,1909f56bfc062723c751e8b465ee728b)
Start importing Packages/com.unity.collab-proxy/Editor/Collaborate/Assets/Icons/collaborate-error-dark@2x.png using Guid(0159d5999f4dc4545848ed42cd775ec4) Importer(815301076,1909f56bfc062723c751e8b465ee728b)  -> (artifact id: '182a2e247744a8894a5cda2b192d6dec') in 0.190944 seconds 
========================================================================
Received Import Request.
  Time since last request: 0.000073 seconds.
  path: Packages/com.unity.collab-proxy/Editor/Collaborate/Assets/Icons/collaborate-light.png
  artifactKey: Guid(4466539767d9ee241abcc43eebb52ce3) Importer(815301076,1909f56bfc062723c751e8b465ee728b)
Start importing Packages/com.unity.collab-proxy/Editor/Collaborate/Assets/Icons/collaborate-light.png using Guid(4466539767d9ee241abcc43eebb52ce3) Importer(815301076,1909f56bfc062723c751e8b465ee728b)  -> (artifact id: '80cfd1fff75719eed871d84ea2a5eabc') in 0.156665 seconds 
========================================================================
Received Import Request.
  Time since last request: 0.000038 seconds.
  path: Packages/com.unity.collab-proxy/Editor/Collaborate/Assets/Icons/collaborate-available-changes-dark@2x.png
  artifactKey: Guid(1a2cea5a396ff5d4a8f740bd5d8726b0) Importer(815301076,1909f56bfc062723c751e8b465ee728b)
Start importing Packages/com.unity.collab-proxy/Editor/Collaborate/Assets/Icons/collaborate-available-changes-dark@2x.png using Guid(1a2cea5a396ff5d4a8f740bd5d8726b0) Importer(815301076,1909f56bfc062723c751e8b465ee728b)  -> (artifact id: '5235944186922b8fc9076ad7fb7049e1') in 0.086232 seconds 
========================================================================
Received Import Request.
  Time since last request: 0.000047 seconds.
  path: Packages/com.unity.collab-proxy/Editor/Collaborate/Assets/Icons/collaborate-done-light@2x.png
  artifactKey: Guid(efbf52d7ee1264d478d63a17b943941a) Importer(815301076,1909f56bfc062723c751e8b465ee728b)
Start importing Packages/com.unity.collab-proxy/Editor/Collaborate/Assets/Icons/collaborate-done-light@2x.png using Guid(efbf52d7ee1264d478d63a17b943941a) Importer(815301076,1909f56bfc062723c751e8b465ee728b)  -> (artifact id: 'dfd8fe4b6108e39cf22b73736dbc86c7') in 0.064064 seconds 
========================================================================
Received Import Request.
  Time since last request: 0.000068 seconds.
  path: Packages/com.unity.collab-proxy/Editor/Collaborate/Assets/Icons/collaborate-available-changes-light.png
  artifactKey: Guid(c27f4e1f2b76b2f45b48df65c02ba338) Importer(815301076,1909f56bfc062723c751e8b465ee728b)
Start importing Packages/com.unity.collab-proxy/Editor/Collaborate/Assets/Icons/collaborate-available-changes-light.png using Guid(c27f4e1f2b76b2f45b48df65c02ba338) Importer(815301076,1909f56bfc062723c751e8b465ee728b)  -> (artifact id: '564f2040d819b5b167e369a09ca05805') in 0.099392 seconds 
========================================================================
Received Import Request.
  Time since last request: 0.000041 seconds.
  path: Packages/com.unity.collab-proxy/Editor/Collaborate/Assets/Icons/collaborate-offline-dark@2x.png
  artifactKey: Guid(c9fb8470579cf8440975e58c5df98216) Importer(815301076,1909f56bfc062723c751e8b465ee728b)
Start importing Packages/com.unity.collab-proxy/Editor/Collaborate/Assets/Icons/collaborate-offline-dark@2x.png using Guid(c9fb8470579cf8440975e58c5df98216) Importer(815301076,1909f56bfc062723c751e8b465ee728b)  -> (artifact id: 'b3de710196bbd9031e12458e395124d9') in 0.058331 seconds 
========================================================================
Received Import Request.
  Time since last request: 0.000046 seconds.
  path: Packages/com.unity.collab-proxy/Editor/Collaborate/Assets/Icons/clear-light.png
  artifactKey: Guid(713aeedbd53e6b848a68d0755e7a2c74) Importer(815301076,1909f56bfc062723c751e8b465ee728b)
Start importing Packages/com.unity.collab-proxy/Editor/Collaborate/Assets/Icons/clear-light.png using Guid(713aeedbd53e6b848a68d0755e7a2c74) Importer(815301076,1909f56bfc062723c751e8b465ee728b)  -> (artifact id: 'a6f354d93f0c7bd6460e23ee5d4d5f8f') in 0.113939 seconds 
========================================================================
Received Import Request.
  Time since last request: 0.000221 seconds.
  path: Packages/com.unity.collab-proxy/Editor/Collaborate/Assets/Icons/collaborate-progress-dark.png
  artifactKey: Guid(60706f973daf4764e81c846ce1a8e183) Importer(815301076,1909f56bfc062723c751e8b465ee728b)
Start importing Packages/com.unity.collab-proxy/Editor/Collaborate/Assets/Icons/collaborate-progress-dark.png using Guid(60706f973daf4764e81c846ce1a8e183) Importer(815301076,1909f56bfc062723c751e8b465ee728b)  -> (artifact id: '1638668b7b0b02c8c0ba1cd51062bb91') in 0.063269 seconds 
========================================================================
Received Import Request.
  Time since last request: 0.000039 seconds.
  path: Packages/com.unity.collab-proxy/Editor/Collaborate/Assets/Icons/choose-remote-dark@2x.png
  artifactKey: Guid(a26232d4d188e4440897131ed223d505) Importer(815301076,1909f56bfc062723c751e8b465ee728b)
Start importing Packages/com.unity.collab-proxy/Editor/Collaborate/Assets/Icons/choose-remote-dark@2x.png using Guid(a26232d4d188e4440897131ed223d505) Importer(815301076,1909f56bfc062723c751e8b465ee728b)  -> (artifact id: '616018d5511e0dad77c42ee17eed706f') in 0.144195 seconds 
========================================================================
Received Import Request.
  Time since last request: 2.174898 seconds.
  path: Packages/com.unity.collab-proxy/Editor/PlasticSCM/Assets/Images/d_iconaddedoverlay.png
  artifactKey: Guid(73d124bf77e463c45942d14136745d9f) Importer(815301076,1909f56bfc062723c751e8b465ee728b)
Start importing Packages/com.unity.collab-proxy/Editor/PlasticSCM/Assets/Images/d_iconaddedoverlay.png using Guid(73d124bf77e463c45942d14136745d9f) Importer(815301076,1909f56bfc062723c751e8b465ee728b)  -> (artifact id: '24f8675ddf6abdc81d3c02cc369603da') in 0.317965 seconds 
========================================================================
Received Import Request.
  Time since last request: 0.000055 seconds.
  path: Packages/com.unity.collab-proxy/Editor/PlasticSCM/Assets/Images/d_iconclosebutton.png
  artifactKey: Guid(9cadde7a0d5f9024ab3f2cd5f6a740d6) Importer(815301076,1909f56bfc062723c751e8b465ee728b)
Start importing Packages/com.unity.collab-proxy/Editor/PlasticSCM/Assets/Images/d_iconclosebutton.png using Guid(9cadde7a0d5f9024ab3f2cd5f6a740d6) Importer(815301076,1909f56bfc062723c751e8b465ee728b)  -> (artifact id: 'd51984b8e254f6791daf8d241c2fda07') in 0.116174 seconds 
========================================================================
Received Import Request.
  Time since last request: 0.000073 seconds.
  path: Packages/com.unity.collab-proxy/Editor/PlasticSCM/Assets/Images/d_iconbranch.png
  artifactKey: Guid(612c5e166a121e3449dad067fbdc37a4) Importer(815301076,1909f56bfc062723c751e8b465ee728b)
Start importing Packages/com.unity.collab-proxy/Editor/PlasticSCM/Assets/Images/d_iconbranch.png using Guid(612c5e166a121e3449dad067fbdc37a4) Importer(815301076,1909f56bfc062723c751e8b465ee728b)  -> (artifact id: 'a60a386e240eafa075e3af485e97af05') in 0.151845 seconds 
========================================================================
Received Import Request.
  Time since last request: 0.007411 seconds.
  path: Packages/com.unity.collab-proxy/Editor/PlasticSCM/Assets/Images/d_iconcheckedoutlocaloverlay@2x.png
  artifactKey: Guid(8d98ab6168c3e91439339f1908b8fe97) Importer(815301076,1909f56bfc062723c751e8b465ee728b)
Start importing Packages/com.unity.collab-proxy/Editor/PlasticSCM/Assets/Images/d_iconcheckedoutlocaloverlay@2x.png using Guid(8d98ab6168c3e91439339f1908b8fe97) Importer(815301076,1909f56bfc062723c751e8b465ee728b)  -> (artifact id: '096f1d0b5cd742ff05d0f1c85efd1cf0') in 0.119548 seconds 
========================================================================
Received Import Request.
  Time since last request: 0.001295 seconds.
  path: Packages/com.unity.collab-proxy/Editor/PlasticSCM/Assets/Images/d_iconbranch@2x.png
  artifactKey: Guid(874d8401331ede14087e8d8d486ddda6) Importer(815301076,1909f56bfc062723c751e8b465ee728b)
Start importing Packages/com.unity.collab-proxy/Editor/PlasticSCM/Assets/Images/d_iconbranch@2x.png using Guid(874d8401331ede14087e8d8d486ddda6) Importer(815301076,1909f56bfc062723c751e8b465ee728b)  -> (artifact id: 'dcea8076efc95b3a68d67b99b42d961e') in 0.113716 seconds 
Editor requested this worker to shutdown with reason: Scaling down because of idle timeout
AssetImportWorker is now disconnected from the server
Process exiting
Exiting without the bug reporter. Application will terminate with return code 0