Using pre-set license
Built from '2021.3/staging' branch; Version is '2021.3.13f1 (9e7d58001ecf) revision 10386776'; Using compiler version '192829333'; Build Type 'Release'
OS: 'Windows 10  (10.0.19044) 64bit Professional' Language: 'zh' Physical Memory: 8126 MB
BatchMode: 1, IsHumanControllingUs: 0, StartBugReporterOnCrash: 0, Is64bit: 1, IsPro: 1

COMMAND LINE ARGUMENTS:
C:\Program Files\Unity\Hub\Editor\2021.3.13f1\Editor\Unity.exe
-adb2
-batchMode
-noUpm
-name
AssetImportWorker10
-projectPath
C:/Users/user/unity-workspace/2Dgame
-logFile
Logs/AssetImportWorker10.log
-srvPort
65329
Successfully changed project path to: C:/Users/user/unity-workspace/2Dgame
C:/Users/user/unity-workspace/2Dgame
[UnityMemory] Configuration Parameters - Can be set up in boot.config
    "memorysetup-bucket-allocator-granularity=16"
    "memorysetup-bucket-allocator-bucket-count=8"
    "memorysetup-bucket-allocator-block-size=33554432"
    "memorysetup-bucket-allocator-block-count=8"
    "memorysetup-main-allocator-block-size=16777216"
    "memorysetup-thread-allocator-block-size=16777216"
    "memorysetup-gfx-main-allocator-block-size=16777216"
    "memorysetup-gfx-thread-allocator-block-size=16777216"
    "memorysetup-cache-allocator-block-size=4194304"
    "memorysetup-typetree-allocator-block-size=2097152"
    "memorysetup-profiler-bucket-allocator-granularity=16"
    "memorysetup-profiler-bucket-allocator-bucket-count=8"
    "memorysetup-profiler-bucket-allocator-block-size=33554432"
    "memorysetup-profiler-bucket-allocator-block-count=8"
    "memorysetup-profiler-allocator-block-size=16777216"
    "memorysetup-profiler-editor-allocator-block-size=1048576"
    "memorysetup-temp-allocator-size-main=16777216"
    "memorysetup-job-temp-allocator-block-size=2097152"
    "memorysetup-job-temp-allocator-block-size-background=1048576"
    "memorysetup-job-temp-allocator-reduction-small-platforms=262144"
    "memorysetup-temp-allocator-size-background-worker=32768"
    "memorysetup-temp-allocator-size-job-worker=262144"
    "memorysetup-temp-allocator-size-preload-manager=33554432"
    "memorysetup-temp-allocator-size-nav-mesh-worker=65536"
    "memorysetup-temp-allocator-size-audio-worker=65536"
    "memorysetup-temp-allocator-size-cloud-worker=32768"
    "memorysetup-temp-allocator-size-gi-baking-worker=262144"
    "memorysetup-temp-allocator-size-gfx=262144"
Refreshing native plugins compatible for Editor in 718.05 ms, found 4 plugins.
Preloading 0 native plugins for Editor in 0.00 ms.
Initialize engine version: 2021.3.13f1 (9e7d58001ecf)
[Subsystems] Discovering subsystems at path C:/Program Files/Unity/Hub/Editor/2021.3.13f1/Editor/Data/Resources/UnitySubsystems
[Subsystems] Discovering subsystems at path C:/Users/user/unity-workspace/2Dgame/Assets
GfxDevice: creating device client; threaded=0; jobified=0
Direct3D:
    Version:  Direct3D 11.0 [level 10.1]
    Renderer: Intel(R) HD Graphics 3000 (ID=0x116)
    Vendor:   Intel
    VRAM:     128 MB
    Driver:   9.17.10.4459
Initialize mono
Mono path[0] = 'C:/Program Files/Unity/Hub/Editor/2021.3.13f1/Editor/Data/Managed'
Mono path[1] = 'C:/Program Files/Unity/Hub/Editor/2021.3.13f1/Editor/Data/MonoBleedingEdge/lib/mono/unityjit-win32'
Mono config path = 'C:/Program Files/Unity/Hub/Editor/2021.3.13f1/Editor/Data/MonoBleedingEdge/etc'
Using monoOptions --debugger-agent=transport=dt_socket,embedding=1,server=y,suspend=n,address=127.0.0.1:56808
Begin MonoManager ReloadAssembly
Registering precompiled unity dll's ...
Register platform support module: C:/Program Files/Unity/Hub/Editor/2021.3.13f1/Editor/Data/PlaybackEngines/WebGLSupport/UnityEditor.WebGL.Extensions.dll
Register platform support module: C:/Program Files/Unity/Hub/Editor/2021.3.13f1/Editor/Data/PlaybackEngines/WindowsStandaloneSupport/UnityEditor.WindowsStandalone.Extensions.dll
Registered in 0.038499 seconds.
Native extension for WindowsStandalone target not found
Native extension for WebGL target not found
Refreshing native plugins compatible for Editor in 246.40 ms, found 4 plugins.
Preloading 0 native plugins for Editor in 0.00 ms.
Mono: successfully reloaded assembly
- Completed reload, in  2.584 seconds
Domain Reload Profiling:
	ReloadAssembly (2586ms)
		BeginReloadAssembly (557ms)
			ExecutionOrderSort (0ms)
			DisableScriptedObjects (0ms)
			BackupInstance (0ms)
			ReleaseScriptingObjects (0ms)
			CreateAndSetChildDomain (3ms)
		EndReloadAssembly (1535ms)
			LoadAssemblies (550ms)
			RebuildTransferFunctionScriptingTraits (1ms)
			SetupTypeCache (513ms)
			ReleaseScriptCaches (0ms)
			RebuildScriptCaches (89ms)
			SetupLoadedEditorAssemblies (783ms)
				LogAssemblyErrors (0ms)
				InitializePlatformSupportModulesInManaged (33ms)
				SetLoadedEditorAssemblies (1ms)
				RefreshPlugins (247ms)
				BeforeProcessingInitializeOnLoad (8ms)
				ProcessInitializeOnLoadAttributes (353ms)
				ProcessInitializeOnLoadMethodAttributes (141ms)
				AfterProcessingInitializeOnLoad (0ms)
				EditorAssembliesLoaded (0ms)
			ExecutionOrderSort2 (0ms)
			AwakeInstancesAfterBackupRestoration (0ms)
Platform modules already initialized, skipping
Registering precompiled user dll's ...
Registered in 0.045361 seconds.
Begin MonoManager ReloadAssembly
Symbol file LoadedFromMemory doesn't match image C:\Users\user\unity-workspace\2Dgame\Library\PackageCache\com.unity.visualscripting@1.7.8\Editor\VisualScripting.Core\Dependencies\YamlDotNet\Unity.VisualScripting.YamlDotNet.dll
Symbol file LoadedFromMemory doesn't match image C:\Users\user\unity-workspace\2Dgame\Library\PackageCache\com.unity.visualscripting@1.7.8\Editor\VisualScripting.Core\Dependencies\DotNetZip\Unity.VisualScripting.IonicZip.dll
Native extension for WindowsStandalone target not found
Native extension for WebGL target not found
Refreshing native plugins compatible for Editor in 275.20 ms, found 4 plugins.
Preloading 0 native plugins for Editor in 0.00 ms.
Mono: successfully reloaded assembly
- Completed reload, in  5.255 seconds
Domain Reload Profiling:
	ReloadAssembly (5258ms)
		BeginReloadAssembly (446ms)
			ExecutionOrderSort (0ms)
			DisableScriptedObjects (17ms)
			BackupInstance (0ms)
			ReleaseScriptingObjects (0ms)
			CreateAndSetChildDomain (47ms)
		EndReloadAssembly (4411ms)
			LoadAssemblies (540ms)
			RebuildTransferFunctionScriptingTraits (0ms)
			SetupTypeCache (1065ms)
			ReleaseScriptCaches (1ms)
			RebuildScriptCaches (206ms)
			SetupLoadedEditorAssemblies (2514ms)
				LogAssemblyErrors (0ms)
				InitializePlatformSupportModulesInManaged (23ms)
				SetLoadedEditorAssemblies (1ms)
				RefreshPlugins (275ms)
				BeforeProcessingInitializeOnLoad (449ms)
				ProcessInitializeOnLoadAttributes (1603ms)
				ProcessInitializeOnLoadMethodAttributes (141ms)
				AfterProcessingInitializeOnLoad (22ms)
				EditorAssembliesLoaded (0ms)
			ExecutionOrderSort2 (0ms)
			AwakeInstancesAfterBackupRestoration (14ms)
Platform modules already initialized, skipping
========================================================================
Worker process is ready to serve import requests
Launched and connected shader compiler UnityShaderCompiler.exe after 0.37 seconds
Refreshing native plugins compatible for Editor in 1.96 ms, found 4 plugins.
Preloading 0 native plugins for Editor in 0.00 ms.
Unloading 4089 Unused Serialized files (Serialized files now loaded: 0)
Unloading 38 unused Assets / (56.1 KB). Loaded Objects now: 4546.
Memory consumption went from 158.3 MB to 158.3 MB.
Total: 12.812200 ms (FindLiveObjects: 1.326300 ms CreateObjectMapping: 0.546500 ms MarkObjects: 10.432600 ms  DeleteObjects: 0.496700 ms)

AssetImportParameters requested are different than current active one (requested -> active):
  custom:video-decoder-ogg-theora: a1e56fd34408186e4bbccfd4996cb3dc -> 
  custom:container-muxer-webm: aa71ff27fc2769a1b78a27578f13a17b -> 
  custom:container-demuxer-webm: 4f35f7cbe854078d1ac9338744f61a02 -> 
  custom:video-encoder-webm-vp8: eb34c28f22e8b96e1ab97ce403110664 -> 
  custom:audio-encoder-webm-vorbis: bf7c407c2cedff20999df2af8eb42d56 -> 
  custom:framework-win-MediaFoundation: 216162199b28c13a410421893ffa2e32 -> 
  custom:container-demuxer-ogg: 62fdf1f143b41e24485cea50d1cbac27 -> 
  custom:video-decoder-webm-vp8: 9c59270c3fd7afecdb556c50c9e8de78 -> 
  custom:audio-decoder-ogg-vorbis: bf7c407c2cedff20999df2af8eb42d56 -> 
========================================================================
Received Import Request.
  Time since last request: 224310.458674 seconds.
  path: Assets/Font/New Material.mat
  artifactKey: Guid(ef7fd34814f020142a6ae8d52eb1c38d) Importer(815301076,1909f56bfc062723c751e8b465ee728b)
Start importing Assets/Font/New Material.mat using Guid(ef7fd34814f020142a6ae8d52eb1c38d) Importer(815301076,1909f56bfc062723c751e8b465ee728b)  -> (artifact id: '2070fbc3904a70d0775eb5c29e70cb1e') in 0.946717 seconds 
========================================================================
Received Import Request.
  Time since last request: 137.275578 seconds.
  path: Assets/Font/中文字體.asset
  artifactKey: Guid(7fb15674a8070324aac2259fe80823ff) Importer(815301076,1909f56bfc062723c751e8b465ee728b)
Start importing Assets/Font/中文字體.asset using Guid(7fb15674a8070324aac2259fe80823ff) Importer(815301076,1909f56bfc062723c751e8b465ee728b)  -> (artifact id: '28cb3f179de2e3c804ec0ec27a1c6060') in 0.428348 seconds 
========================================================================
Received Import Request.
  Time since last request: 134.430903 seconds.
  path: Assets/Font/中文字體.asset
  artifactKey: Guid(7fb15674a8070324aac2259fe80823ff) Importer(815301076,1909f56bfc062723c751e8b465ee728b)
Start importing Assets/Font/中文字體.asset using Guid(7fb15674a8070324aac2259fe80823ff) Importer(815301076,1909f56bfc062723c751e8b465ee728b)  -> (artifact id: 'f2e5e13476d80a4d38bcc82b9e22c212') in 0.263880 seconds 
========================================================================
Received Import Request.
  Time since last request: 183.574967 seconds.
  path: Assets/Font/wood board.png
  artifactKey: Guid(79728b87f513778478844c9dcea329dc) Importer(815301076,1909f56bfc062723c751e8b465ee728b)
Start importing Assets/Font/wood board.png using Guid(79728b87f513778478844c9dcea329dc) Importer(815301076,1909f56bfc062723c751e8b465ee728b)  -> (artifact id: 'b0e235ab58c80aaf575b99de3ee70abc') in 0.223351 seconds 
========================================================================
Received Import Request.
  Time since last request: 97.152688 seconds.
  path: Assets/Pixel Monster Pack/32x32 monsters/wolf-white.png
  artifactKey: Guid(e573449b0ffb8814e84905c16467421e) Importer(815301076,1909f56bfc062723c751e8b465ee728b)
Start importing Assets/Pixel Monster Pack/32x32 monsters/wolf-white.png using Guid(e573449b0ffb8814e84905c16467421e) Importer(815301076,1909f56bfc062723c751e8b465ee728b)  -> (artifact id: 'af2f4a5b538def855ff586e35b64e573') in 0.375534 seconds 
========================================================================
Received Import Request.
  Time since last request: 0.000048 seconds.
  path: Assets/Pixel Monster Pack/32x32 monsters/worm-brown.png
  artifactKey: Guid(d6791f90eb6e2384bb31903865318fcc) Importer(815301076,1909f56bfc062723c751e8b465ee728b)
Start importing Assets/Pixel Monster Pack/32x32 monsters/worm-brown.png using Guid(d6791f90eb6e2384bb31903865318fcc) Importer(815301076,1909f56bfc062723c751e8b465ee728b)  -> (artifact id: 'ec9bcdc71ddd3e02550ba01d88a9b3f2') in 0.089362 seconds 
========================================================================
Received Import Request.
  Time since last request: 0.000059 seconds.
  path: Assets/SunnyLand Artwork/Environment/props/wooden-house.png
  artifactKey: Guid(81dd090b36d240b4a9abef020ad7dcd4) Importer(815301076,1909f56bfc062723c751e8b465ee728b)
Start importing Assets/SunnyLand Artwork/Environment/props/wooden-house.png using Guid(81dd090b36d240b4a9abef020ad7dcd4) Importer(815301076,1909f56bfc062723c751e8b465ee728b)  -> (artifact id: '447494f04820ce1efa1ff777ed25929f') in 0.196311 seconds 
========================================================================
Received Import Request.
  Time since last request: 0.011512 seconds.
  path: Assets/SunnyLand House Props Expansion Pack/Props PNG/wooden-house.png
  artifactKey: Guid(021907f227a049e40b4234e459451efd) Importer(815301076,1909f56bfc062723c751e8b465ee728b)
Start importing Assets/SunnyLand House Props Expansion Pack/Props PNG/wooden-house.png using Guid(021907f227a049e40b4234e459451efd) Importer(815301076,1909f56bfc062723c751e8b465ee728b)  -> (artifact id: 'b5691301553edfae8d9549a9433be393') in 0.101303 seconds 
========================================================================
Received Import Request.
  Time since last request: 0.002927 seconds.
  path: Assets/Pixel Monster Pack/64x64 monsters/wolf-green.png
  artifactKey: Guid(8f5d8746fc4576749a5ab01aaa342350) Importer(815301076,1909f56bfc062723c751e8b465ee728b)
Start importing Assets/Pixel Monster Pack/64x64 monsters/wolf-green.png using Guid(8f5d8746fc4576749a5ab01aaa342350) Importer(815301076,1909f56bfc062723c751e8b465ee728b)  -> (artifact id: '1e0403c61281ebcab8df2063cb88bb0d') in 0.106213 seconds 
========================================================================
Received Import Request.
  Time since last request: 0.000044 seconds.
  path: Assets/Pixel Monster Pack/32x32 monsters/wolf-green.png
  artifactKey: Guid(62eaa2a609276b64c826459c8cc52a9a) Importer(815301076,1909f56bfc062723c751e8b465ee728b)
Start importing Assets/Pixel Monster Pack/32x32 monsters/wolf-green.png using Guid(62eaa2a609276b64c826459c8cc52a9a) Importer(815301076,1909f56bfc062723c751e8b465ee728b)  -> (artifact id: '709b84c374728eb58712710c6dbea5d4') in 0.097105 seconds 
========================================================================
Received Import Request.
  Time since last request: 0.000060 seconds.
  path: Assets/Pixel Monster Pack/64x64 monsters/worm-brown.png
  artifactKey: Guid(778b60b99daa56241a73c210fb961e61) Importer(815301076,1909f56bfc062723c751e8b465ee728b)
Start importing Assets/Pixel Monster Pack/64x64 monsters/worm-brown.png using Guid(778b60b99daa56241a73c210fb961e61) Importer(815301076,1909f56bfc062723c751e8b465ee728b)  -> (artifact id: 'f8f877c54720bc526dc2cfedd28522e3') in 0.080925 seconds 
========================================================================
Received Import Request.
  Time since last request: 0.000055 seconds.
  path: Assets/Pixel Monster Pack/32x32 monsters/wolf-blue.png
  artifactKey: Guid(80a17c7c339458145b8c7750fa6b0dc9) Importer(815301076,1909f56bfc062723c751e8b465ee728b)
Start importing Assets/Pixel Monster Pack/32x32 monsters/wolf-blue.png using Guid(80a17c7c339458145b8c7750fa6b0dc9) Importer(815301076,1909f56bfc062723c751e8b465ee728b)  -> (artifact id: '6fb8ef76e73d45716331a24c3a9b5d87') in 0.113288 seconds 
========================================================================
Received Import Request.
  Time since last request: 0.000091 seconds.
  path: Assets/Pixel Monster Pack/64x64 monsters/wolf-black.png
  artifactKey: Guid(c8c5682632b607340b525fd2cc04679b) Importer(815301076,1909f56bfc062723c751e8b465ee728b)
Start importing Assets/Pixel Monster Pack/64x64 monsters/wolf-black.png using Guid(c8c5682632b607340b525fd2cc04679b) Importer(815301076,1909f56bfc062723c751e8b465ee728b)  -> (artifact id: '7b8806c3b34abc0b154179b34dbacbf3') in 0.127540 seconds 
========================================================================
Received Import Request.
  Time since last request: 0.000589 seconds.
  path: Assets/Pixel Monster Pack/64x64 monsters/worm-black.png
  artifactKey: Guid(551cb54b2be67ba479d96244192ce9f2) Importer(815301076,1909f56bfc062723c751e8b465ee728b)
Start importing Assets/Pixel Monster Pack/64x64 monsters/worm-black.png using Guid(551cb54b2be67ba479d96244192ce9f2) Importer(815301076,1909f56bfc062723c751e8b465ee728b)  -> (artifact id: '445a68792ef61c30be6a46d6a6d9cd4b') in 0.083722 seconds 
========================================================================
Received Import Request.
  Time since last request: 0.000042 seconds.
  path: Packages/com.unity.2d.animation/Editor/Assets/SkinningModule/Icons/Light/Weight_Slider@4x.png
  artifactKey: Guid(4e494ad3b858ecf4fab63aae9075d43d) Importer(815301076,1909f56bfc062723c751e8b465ee728b)
Start importing Packages/com.unity.2d.animation/Editor/Assets/SkinningModule/Icons/Light/Weight_Slider@4x.png using Guid(4e494ad3b858ecf4fab63aae9075d43d) Importer(815301076,1909f56bfc062723c751e8b465ee728b)  -> (artifact id: '85ef638f17500999dd01058aad770956') in 0.070148 seconds 
========================================================================
Received Import Request.
  Time since last request: 4.704894 seconds.
  path: Assets/Pixel Monster Pack/32x32 monsters/worm-green.png
  artifactKey: Guid(afd7405ec51ae0746b9626b2a4c43e4d) Importer(815301076,1909f56bfc062723c751e8b465ee728b)
Start importing Assets/Pixel Monster Pack/32x32 monsters/worm-green.png using Guid(afd7405ec51ae0746b9626b2a4c43e4d) Importer(815301076,1909f56bfc062723c751e8b465ee728b)  -> (artifact id: 'db028fed1ca5b7b1f93bf5527651cce4') in 0.193785 seconds 
========================================================================
Received Import Request.
  Time since last request: 0.000846 seconds.
  path: Assets/Pixel Monster Pack/64x64 monsters/worm-white.png
  artifactKey: Guid(36301e2e5c34b524fbd0d2c8ac6eb76a) Importer(815301076,1909f56bfc062723c751e8b465ee728b)
Start importing Assets/Pixel Monster Pack/64x64 monsters/worm-white.png using Guid(36301e2e5c34b524fbd0d2c8ac6eb76a) Importer(815301076,1909f56bfc062723c751e8b465ee728b)  -> (artifact id: '8985370fd8c1d7308556b49181c4a922') in 0.129096 seconds 
Editor requested this worker to shutdown with reason: Scaling down because of idle timeout
AssetImportWorker is now disconnected from the server
Process exiting
Exiting without the bug reporter. Application will terminate with return code 0